Using pre-set license
Built from '2021.1/release' branch; Version is '2021.1.0f1 (61a549675243) revision 6399305'; Using compiler version '192528614'; Build Type 'Release'
OS: 'Windows 10 Home; OS build 19042.867; Version 2009; 64bit' Language: 'en' Physical Memory: 32712 MB
BatchMode: 1, IsHumanControllingUs: 0, StartBugReporterOnCrash: 0, Is64bit: 1, IsPro: 0

 COMMAND LINE ARGUMENTS:
D:\Unity Editor\2021.1.0f1\Editor\Unity.exe
-adb2
-batchMode
-noUpm
-name
AssetImportWorker2
-projectPath
C:/Users/Sidd/Documents/GitHub/dimensions-lmobgamejam20
-logFile
Logs/AssetImportWorker2.log
-srvPort
55442
Successfully changed project path to: C:/Users/Sidd/Documents/GitHub/dimensions-lmobgamejam20
C:/Users/Sidd/Documents/GitHub/dimensions-lmobgamejam20
Using Asset Import Pipeline V2.
Refreshing native plugins compatible for Editor in 105.96 ms, found 2 plugins.
Preloading 0 native plugins for Editor in 0.00 ms.
Initialize engine version: 2021.1.0f1 (61a549675243)
[Subsystems] Discovering subsystems at path D:/Unity Editor/2021.1.0f1/Editor/Data/Resources/UnitySubsystems
[Subsystems] Discovering subsystems at path C:/Users/Sidd/Documents/GitHub/dimensions-lmobgamejam20/Assets
GfxDevice: creating device client; threaded=0; jobified=0
Direct3D:
    Version:  Direct3D 11.0 [level 11.1]
    Renderer: NVIDIA GeForce RTX 3070 (ID=0x2484)
    Vendor:   NVIDIA
    VRAM:     8043 MB
    Driver:   27.21.14.6192
Shader 'Universal Render Pipeline/Particles/Lit': fallback shader 'Universal Render Pipeline/Particles/SimpleLit' not found
Initialize mono
Mono path[0] = 'D:/Unity Editor/2021.1.0f1/Editor/Data/Managed'
Mono path[1] = 'D:/Unity Editor/2021.1.0f1/Editor/Data/MonoBleedingEdge/lib/mono/unityjit'
Mono config path = 'D:/Unity Editor/2021.1.0f1/Editor/Data/MonoBleedingEdge/etc'
Using monoOptions --debugger-agent=transport=dt_socket,embedding=1,server=y,suspend=n,address=127.0.0.1:56796
Begin MonoManager ReloadAssembly
Registering precompiled unity dll's ...
Register platform support module: D:/Unity Editor/2021.1.0f1/Editor/Data/PlaybackEngines/WebGLSupport/UnityEditor.WebGL.Extensions.dll
Register platform support module: D:/Unity Editor/2021.1.0f1/Editor/Data/PlaybackEngines/WindowsStandaloneSupport/UnityEditor.WindowsStandalone.Extensions.dll
Registered in 0.001187 seconds.
Native extension for WindowsStandalone target not found
Native extension for WebGL target not found
Refreshing native plugins compatible for Editor in 105.95 ms, found 2 plugins.
Preloading 0 native plugins for Editor in 0.00 ms.
Mono: successfully reloaded assembly
- Completed reload, in  1.289 seconds
Platform modules already initialized, skipping
Registering precompiled user dll's ...
Registered in 0.002897 seconds.
Begin MonoManager ReloadAssembly
Native extension for WindowsStandalone target not found
Native extension for WebGL target not found
Refreshing native plugins compatible for Editor in 106.48 ms, found 2 plugins.
Preloading 0 native plugins for Editor in 0.00 ms.
Mono: successfully reloaded assembly
- Completed reload, in  1.020 seconds
Platform modules already initialized, skipping
========================================================================
Worker process is ready to serve import requests
Shader 'Universal Render Pipeline/Particles/Lit': fallback shader 'Universal Render Pipeline/Particles/SimpleLit' not found
Launched and connected shader compiler UnityShaderCompiler.exe after 0.04 seconds
Refreshing native plugins compatible for Editor in 0.78 ms, found 2 plugins.
Preloading 0 native plugins for Editor in 0.00 ms.
Unloading 4653 Unused Serialized files (Serialized files now loaded: 0)
System memory in use before: 181.7 MB.
System memory in use after: 181.8 MB.

Unloading 29 unused Assets to reduce memory usage. Loaded Objects now: 5108.
Total: 2.997800 ms (FindLiveObjects: 0.273000 ms CreateObjectMapping: 0.114600 ms MarkObjects: 2.491500 ms  DeleteObjects: 0.117300 ms)

========================================================================
Received Import Request.
  path: Assets/Anim/Main Camera.controller
  artifactKey: Guid(25fa07bf46d329943a61078311910a65) Importer(815301076,1909f56bfc062723c751e8b465ee728b)
Start importing Assets/Anim/Main Camera.controller using Guid(25fa07bf46d329943a61078311910a65) Importer(815301076,1909f56bfc062723c751e8b465ee728b)  -> (artifact id: '087b50f74f0b0464e6c629edbaa72387') in 0.032755 seconds 
========================================================================
Received Prepare
Registering precompiled user dll's ...
Registered in 0.002822 seconds.
Begin MonoManager ReloadAssembly
Native extension for WindowsStandalone target not found
Native extension for WebGL target not found
Refreshing native plugins compatible for Editor in 0.78 ms, found 2 plugins.
Preloading 0 native plugins for Editor in 0.00 ms.
Mono: successfully reloaded assembly
- Completed reload, in  0.914 seconds
Platform modules already initialized, skipping
Shader 'Universal Render Pipeline/Particles/Lit': fallback shader 'Universal Render Pipeline/Particles/SimpleLit' not found
Refreshing native plugins compatible for Editor in 0.79 ms, found 2 plugins.
Preloading 0 native plugins for Editor in 0.00 ms.
Unloading 4516 Unused Serialized files (Serialized files now loaded: 0)
System memory in use before: 173.8 MB.
System memory in use after: 173.9 MB.

Unloading 17 unused Assets to reduce memory usage. Loaded Objects now: 5112.
Total: 2.704300 ms (FindLiveObjects: 0.487900 ms CreateObjectMapping: 0.120900 ms MarkObjects: 2.008200 ms  DeleteObjects: 0.085900 ms)

========================================================================
Received Prepare
Registering precompiled user dll's ...
Registered in 0.002977 seconds.
Begin MonoManager ReloadAssembly
Native extension for WindowsStandalone target not found
Native extension for WebGL target not found
Refreshing native plugins compatible for Editor in 0.81 ms, found 2 plugins.
Preloading 0 native plugins for Editor in 0.00 ms.
Mono: successfully reloaded assembly
- Completed reload, in  0.858 seconds
Platform modules already initialized, skipping
Shader 'Universal Render Pipeline/Particles/Lit': fallback shader 'Universal Render Pipeline/Particles/SimpleLit' not found
Refreshing native plugins compatible for Editor in 0.79 ms, found 2 plugins.
Preloading 0 native plugins for Editor in 0.00 ms.
Unloading 4516 Unused Serialized files (Serialized files now loaded: 0)
System memory in use before: 173.9 MB.
System memory in use after: 174.0 MB.

Unloading 17 unused Assets to reduce memory usage. Loaded Objects now: 5116.
Total: 3.758100 ms (FindLiveObjects: 0.585400 ms CreateObjectMapping: 0.142500 ms MarkObjects: 2.926500 ms  DeleteObjects: 0.102400 ms)

========================================================================
Received Import Request.
  Time since last request: 154.176067 seconds.
  path: Assets/Dimension Disturbances Attack.prefab
  artifactKey: Guid(6b5e8998914031446a0158d509cd2455) Importer(815301076,1909f56bfc062723c751e8b465ee728b)
Start importing Assets/Dimension Disturbances Attack.prefab using Guid(6b5e8998914031446a0158d509cd2455) Importer(815301076,1909f56bfc062723c751e8b465ee728b)  -> (artifact id: '61dc7ed3f99c664797d8de806eafe557') in 0.162624 seconds 
========================================================================
Received Prepare
Registering precompiled user dll's ...
Registered in 0.002751 seconds.
Begin MonoManager ReloadAssembly
Native extension for WindowsStandalone target not found
Native extension for WebGL target not found
Refreshing native plugins compatible for Editor in 1.12 ms, found 2 plugins.
Preloading 0 native plugins for Editor in 0.00 ms.
Mono: successfully reloaded assembly
- Completed reload, in  0.933 seconds
Platform modules already initialized, skipping
Shader 'Universal Render Pipeline/Particles/Lit': fallback shader 'Universal Render Pipeline/Particles/SimpleLit' not found
Refreshing native plugins compatible for Editor in 0.81 ms, found 2 plugins.
Preloading 0 native plugins for Editor in 0.00 ms.
Unloading 4516 Unused Serialized files (Serialized files now loaded: 0)
System memory in use before: 179.9 MB.
System memory in use after: 180.1 MB.

Unloading 17 unused Assets to reduce memory usage. Loaded Objects now: 5167.
Total: 2.931300 ms (FindLiveObjects: 0.508400 ms CreateObjectMapping: 0.143900 ms MarkObjects: 2.169500 ms  DeleteObjects: 0.108300 ms)

========================================================================
Received Import Request.
  Time since last request: 24.918719 seconds.
  path: Assets/Dimension Disturbances Minus.prefab
  artifactKey: Guid(cd0692599ea2fc349a07898caa297133) Importer(815301076,1909f56bfc062723c751e8b465ee728b)
Start importing Assets/Dimension Disturbances Minus.prefab using Guid(cd0692599ea2fc349a07898caa297133) Importer(815301076,1909f56bfc062723c751e8b465ee728b)  -> (artifact id: 'b4cb797c6804d53c8f67af8ab1f6cc65') in 0.136105 seconds 
========================================================================
Received Import Request.
  Time since last request: 0.000183 seconds.
  path: Assets/Dimension Disturbances Plus.prefab
  artifactKey: Guid(c9477645fe19e644d9f346d2d5ee9b7d) Importer(815301076,1909f56bfc062723c751e8b465ee728b)
Start importing Assets/Dimension Disturbances Plus.prefab using Guid(c9477645fe19e644d9f346d2d5ee9b7d) Importer(815301076,1909f56bfc062723c751e8b465ee728b)  -> (artifact id: 'e1ff4789b9787641e04ca66ab14105c7') in 0.006435 seconds 
========================================================================
Received Prepare
Registering precompiled user dll's ...
Registered in 0.002945 seconds.
Begin MonoManager ReloadAssembly
Native extension for WindowsStandalone target not found
Native extension for WebGL target not found
Refreshing native plugins compatible for Editor in 0.78 ms, found 2 plugins.
Preloading 0 native plugins for Editor in 0.00 ms.
Mono: successfully reloaded assembly
- Completed reload, in  0.890 seconds
Platform modules already initialized, skipping
Shader 'Universal Render Pipeline/Particles/Lit': fallback shader 'Universal Render Pipeline/Particles/SimpleLit' not found
Refreshing native plugins compatible for Editor in 0.77 ms, found 2 plugins.
Preloading 0 native plugins for Editor in 0.00 ms.
Unloading 4516 Unused Serialized files (Serialized files now loaded: 0)
System memory in use before: 180.3 MB.
System memory in use after: 180.4 MB.

Unloading 17 unused Assets to reduce memory usage. Loaded Objects now: 5209.
Total: 3.015100 ms (FindLiveObjects: 0.435400 ms CreateObjectMapping: 0.135400 ms MarkObjects: 2.345900 ms  DeleteObjects: 0.097100 ms)

========================================================================
Received Prepare
Registering precompiled user dll's ...
Registered in 0.002943 seconds.
Begin MonoManager ReloadAssembly
Native extension for WindowsStandalone target not found
Native extension for WebGL target not found
Refreshing native plugins compatible for Editor in 0.76 ms, found 2 plugins.
Preloading 0 native plugins for Editor in 0.00 ms.
Mono: successfully reloaded assembly
- Completed reload, in  0.905 seconds
Platform modules already initialized, skipping
Shader 'Universal Render Pipeline/Particles/Lit': fallback shader 'Universal Render Pipeline/Particles/SimpleLit' not found
Refreshing native plugins compatible for Editor in 0.82 ms, found 2 plugins.
Preloading 0 native plugins for Editor in 0.00 ms.
Unloading 4516 Unused Serialized files (Serialized files now loaded: 0)
System memory in use before: 180.3 MB.
System memory in use after: 180.4 MB.

Unloading 17 unused Assets to reduce memory usage. Loaded Objects now: 5213.
Total: 3.692200 ms (FindLiveObjects: 0.538300 ms CreateObjectMapping: 0.152300 ms MarkObjects: 2.882400 ms  DeleteObjects: 0.117800 ms)

========================================================================
Received Prepare
Registering precompiled user dll's ...
Registered in 0.003000 seconds.
Begin MonoManager ReloadAssembly
Native extension for WindowsStandalone target not found
Native extension for WebGL target not found
Refreshing native plugins compatible for Editor in 0.86 ms, found 2 plugins.
Preloading 0 native plugins for Editor in 0.00 ms.
Mono: successfully reloaded assembly
- Completed reload, in  0.907 seconds
Platform modules already initialized, skipping
Shader 'Universal Render Pipeline/Particles/Lit': fallback shader 'Universal Render Pipeline/Particles/SimpleLit' not found
Refreshing native plugins compatible for Editor in 1.28 ms, found 2 plugins.
Preloading 0 native plugins for Editor in 0.00 ms.
Unloading 4516 Unused Serialized files (Serialized files now loaded: 0)
System memory in use before: 180.2 MB.
System memory in use after: 180.4 MB.

Unloading 17 unused Assets to reduce memory usage. Loaded Objects now: 5217.
Total: 4.202600 ms (FindLiveObjects: 0.656600 ms CreateObjectMapping: 0.197200 ms MarkObjects: 3.207600 ms  DeleteObjects: 0.140000 ms)

========================================================================
Received Prepare
Registering precompiled user dll's ...
Registered in 0.002997 seconds.
Begin MonoManager ReloadAssembly
Native extension for WindowsStandalone target not found
Native extension for WebGL target not found
Refreshing native plugins compatible for Editor in 0.98 ms, found 2 plugins.
Preloading 0 native plugins for Editor in 0.00 ms.
Mono: successfully reloaded assembly
- Completed reload, in  0.884 seconds
Platform modules already initialized, skipping
Shader 'Universal Render Pipeline/Particles/Lit': fallback shader 'Universal Render Pipeline/Particles/SimpleLit' not found
Refreshing native plugins compatible for Editor in 1.18 ms, found 2 plugins.
Preloading 0 native plugins for Editor in 0.00 ms.
Unloading 4516 Unused Serialized files (Serialized files now loaded: 0)
System memory in use before: 180.2 MB.
System memory in use after: 180.4 MB.

Unloading 17 unused Assets to reduce memory usage. Loaded Objects now: 5221.
Total: 2.642500 ms (FindLiveObjects: 0.384600 ms CreateObjectMapping: 0.104900 ms MarkObjects: 2.057300 ms  DeleteObjects: 0.095000 ms)

========================================================================
Received Prepare
Registering precompiled user dll's ...
Registered in 0.003031 seconds.
Begin MonoManager ReloadAssembly
Native extension for WindowsStandalone target not found
Native extension for WebGL target not found
Refreshing native plugins compatible for Editor in 0.79 ms, found 2 plugins.
Preloading 0 native plugins for Editor in 0.00 ms.
Mono: successfully reloaded assembly
- Completed reload, in  0.871 seconds
Platform modules already initialized, skipping
Shader 'Universal Render Pipeline/Particles/Lit': fallback shader 'Universal Render Pipeline/Particles/SimpleLit' not found
Refreshing native plugins compatible for Editor in 0.95 ms, found 2 plugins.
Preloading 0 native plugins for Editor in 0.00 ms.
Unloading 4516 Unused Serialized files (Serialized files now loaded: 0)
System memory in use before: 180.3 MB.
System memory in use after: 180.4 MB.

Unloading 17 unused Assets to reduce memory usage. Loaded Objects now: 5225.
Total: 4.091000 ms (FindLiveObjects: 0.523100 ms CreateObjectMapping: 0.126000 ms MarkObjects: 3.313400 ms  DeleteObjects: 0.126600 ms)

========================================================================
Received Prepare
Registering precompiled user dll's ...
Registered in 0.002894 seconds.
Begin MonoManager ReloadAssembly
Native extension for WindowsStandalone target not found
Native extension for WebGL target not found
Refreshing native plugins compatible for Editor in 0.78 ms, found 2 plugins.
Preloading 0 native plugins for Editor in 0.00 ms.
Mono: successfully reloaded assembly
- Completed reload, in  0.885 seconds
Platform modules already initialized, skipping
Shader 'Universal Render Pipeline/Particles/Lit': fallback shader 'Universal Render Pipeline/Particles/SimpleLit' not found
Refreshing native plugins compatible for Editor in 0.78 ms, found 2 plugins.
Preloading 0 native plugins for Editor in 0.00 ms.
Unloading 4516 Unused Serialized files (Serialized files now loaded: 0)
System memory in use before: 180.3 MB.
System memory in use after: 180.4 MB.

Unloading 17 unused Assets to reduce memory usage. Loaded Objects now: 5229.
Total: 2.745600 ms (FindLiveObjects: 0.432200 ms CreateObjectMapping: 0.119500 ms MarkObjects: 2.102600 ms  DeleteObjects: 0.090400 ms)

========================================================================
Received Prepare
Registering precompiled user dll's ...
Registered in 0.002757 seconds.
Begin MonoManager ReloadAssembly
Native extension for WindowsStandalone target not found
Native extension for WebGL target not found
Refreshing native plugins compatible for Editor in 0.78 ms, found 2 plugins.
Preloading 0 native plugins for Editor in 0.00 ms.
Mono: successfully reloaded assembly
- Completed reload, in  0.868 seconds
Platform modules already initialized, skipping
Shader 'Universal Render Pipeline/Particles/Lit': fallback shader 'Universal Render Pipeline/Particles/SimpleLit' not found
Refreshing native plugins compatible for Editor in 0.76 ms, found 2 plugins.
Preloading 0 native plugins for Editor in 0.00 ms.
Unloading 4516 Unused Serialized files (Serialized files now loaded: 0)
System memory in use before: 180.3 MB.
System memory in use after: 180.4 MB.

Unloading 17 unused Assets to reduce memory usage. Loaded Objects now: 5233.
Total: 2.982000 ms (FindLiveObjects: 0.409000 ms CreateObjectMapping: 0.115000 ms MarkObjects: 2.363000 ms  DeleteObjects: 0.093900 ms)

========================================================================
Received Prepare
Registering precompiled user dll's ...
Registered in 0.002970 seconds.
Begin MonoManager ReloadAssembly
Native extension for WindowsStandalone target not found
Native extension for WebGL target not found
Refreshing native plugins compatible for Editor in 0.81 ms, found 2 plugins.
Preloading 0 native plugins for Editor in 0.00 ms.
Mono: successfully reloaded assembly
- Completed reload, in  0.870 seconds
Platform modules already initialized, skipping
Shader 'Universal Render Pipeline/Particles/Lit': fallback shader 'Universal Render Pipeline/Particles/SimpleLit' not found
Refreshing native plugins compatible for Editor in 0.85 ms, found 2 plugins.
Preloading 0 native plugins for Editor in 0.00 ms.
Unloading 4529 Unused Serialized files (Serialized files now loaded: 0)
System memory in use before: 182.0 MB.
System memory in use after: 181.5 MB.

Unloading 30 unused Assets to reduce memory usage. Loaded Objects now: 5237.
Total: 3.241800 ms (FindLiveObjects: 0.357300 ms CreateObjectMapping: 0.115100 ms MarkObjects: 2.488100 ms  DeleteObjects: 0.279900 ms)

========================================================================
Received Prepare
Registering precompiled user dll's ...
Registered in 0.002829 seconds.
Begin MonoManager ReloadAssembly
Native extension for WindowsStandalone target not found
Native extension for WebGL target not found
Refreshing native plugins compatible for Editor in 0.77 ms, found 2 plugins.
Preloading 0 native plugins for Editor in 0.00 ms.
Mono: successfully reloaded assembly
- Completed reload, in  0.878 seconds
Platform modules already initialized, skipping
Shader 'Universal Render Pipeline/Particles/Lit': fallback shader 'Universal Render Pipeline/Particles/SimpleLit' not found
Refreshing native plugins compatible for Editor in 0.79 ms, found 2 plugins.
Preloading 0 native plugins for Editor in 0.00 ms.
Unloading 4529 Unused Serialized files (Serialized files now loaded: 0)
System memory in use before: 182.0 MB.
System memory in use after: 181.5 MB.

Unloading 30 unused Assets to reduce memory usage. Loaded Objects now: 5241.
Total: 3.248500 ms (FindLiveObjects: 0.358500 ms CreateObjectMapping: 0.112800 ms MarkObjects: 2.492900 ms  DeleteObjects: 0.282800 ms)

========================================================================
Received Prepare
Registering precompiled user dll's ...
Registered in 0.002841 seconds.
Begin MonoManager ReloadAssembly
Native extension for WindowsStandalone target not found
Native extension for WebGL target not found
Refreshing native plugins compatible for Editor in 0.80 ms, found 2 plugins.
Preloading 0 native plugins for Editor in 0.00 ms.
Mono: successfully reloaded assembly
- Completed reload, in  0.876 seconds
Platform modules already initialized, skipping
Shader 'Universal Render Pipeline/Particles/Lit': fallback shader 'Universal Render Pipeline/Particles/SimpleLit' not found
Refreshing native plugins compatible for Editor in 0.81 ms, found 2 plugins.
Preloading 0 native plugins for Editor in 0.00 ms.
Unloading 4529 Unused Serialized files (Serialized files now loaded: 0)
System memory in use before: 182.0 MB.
System memory in use after: 181.5 MB.

Unloading 30 unused Assets to reduce memory usage. Loaded Objects now: 5245.
Total: 2.999000 ms (FindLiveObjects: 0.545700 ms CreateObjectMapping: 0.142500 ms MarkObjects: 2.032200 ms  DeleteObjects: 0.277600 ms)

========================================================================
Received Prepare
Registering precompiled user dll's ...
Registered in 0.002795 seconds.
Begin MonoManager ReloadAssembly
Native extension for WindowsStandalone target not found
Native extension for WebGL target not found
Refreshing native plugins compatible for Editor in 0.87 ms, found 2 plugins.
Preloading 0 native plugins for Editor in 0.00 ms.
Mono: successfully reloaded assembly
- Completed reload, in  0.882 seconds
Platform modules already initialized, skipping
Shader 'Universal Render Pipeline/Particles/Lit': fallback shader 'Universal Render Pipeline/Particles/SimpleLit' not found
Refreshing native plugins compatible for Editor in 0.76 ms, found 2 plugins.
Preloading 0 native plugins for Editor in 0.00 ms.
Unloading 4529 Unused Serialized files (Serialized files now loaded: 0)
System memory in use before: 182.0 MB.
System memory in use after: 181.5 MB.

Unloading 30 unused Assets to reduce memory usage. Loaded Objects now: 5249.
Total: 2.975800 ms (FindLiveObjects: 0.453600 ms CreateObjectMapping: 0.116100 ms MarkObjects: 2.103600 ms  DeleteObjects: 0.301400 ms)

========================================================================
Received Prepare
Registering precompiled user dll's ...
Registered in 0.003091 seconds.
Begin MonoManager ReloadAssembly
Native extension for WindowsStandalone target not found
Native extension for WebGL target not found
Refreshing native plugins compatible for Editor in 0.80 ms, found 2 plugins.
Preloading 0 native plugins for Editor in 0.00 ms.
Mono: successfully reloaded assembly
- Completed reload, in  0.912 seconds
Platform modules already initialized, skipping
Shader 'Universal Render Pipeline/Particles/Lit': fallback shader 'Universal Render Pipeline/Particles/SimpleLit' not found
Refreshing native plugins compatible for Editor in 0.80 ms, found 2 plugins.
Preloading 0 native plugins for Editor in 0.00 ms.
Unloading 4529 Unused Serialized files (Serialized files now loaded: 0)
System memory in use before: 182.0 MB.
System memory in use after: 181.6 MB.

Unloading 30 unused Assets to reduce memory usage. Loaded Objects now: 5253.
Total: 3.061300 ms (FindLiveObjects: 0.415100 ms CreateObjectMapping: 0.119900 ms MarkObjects: 2.238000 ms  DeleteObjects: 0.287300 ms)

========================================================================
Received Prepare
Registering precompiled user dll's ...
Registered in 0.002826 seconds.
Begin MonoManager ReloadAssembly
Native extension for WindowsStandalone target not found
Native extension for WebGL target not found
Refreshing native plugins compatible for Editor in 0.81 ms, found 2 plugins.
Preloading 0 native plugins for Editor in 0.00 ms.
Mono: successfully reloaded assembly
- Completed reload, in  0.908 seconds
Platform modules already initialized, skipping
Shader 'Universal Render Pipeline/Particles/Lit': fallback shader 'Universal Render Pipeline/Particles/SimpleLit' not found
Refreshing native plugins compatible for Editor in 0.77 ms, found 2 plugins.
Preloading 0 native plugins for Editor in 0.00 ms.
Unloading 4530 Unused Serialized files (Serialized files now loaded: 0)
System memory in use before: 182.0 MB.
System memory in use after: 181.6 MB.

Unloading 30 unused Assets to reduce memory usage. Loaded Objects now: 5258.
Total: 3.352000 ms (FindLiveObjects: 0.528500 ms CreateObjectMapping: 0.123000 ms MarkObjects: 2.417100 ms  DeleteObjects: 0.282400 ms)

========================================================================
Received Prepare
Registering precompiled user dll's ...
Registered in 0.003092 seconds.
Begin MonoManager ReloadAssembly
Native extension for WindowsStandalone target not found
Native extension for WebGL target not found
Refreshing native plugins compatible for Editor in 0.76 ms, found 2 plugins.
Preloading 0 native plugins for Editor in 0.00 ms.
Mono: successfully reloaded assembly
- Completed reload, in  0.890 seconds
Platform modules already initialized, skipping
Shader 'Universal Render Pipeline/Particles/Lit': fallback shader 'Universal Render Pipeline/Particles/SimpleLit' not found
Refreshing native plugins compatible for Editor in 0.78 ms, found 2 plugins.
Preloading 0 native plugins for Editor in 0.00 ms.
Unloading 4530 Unused Serialized files (Serialized files now loaded: 0)
System memory in use before: 182.1 MB.
System memory in use after: 181.6 MB.

Unloading 30 unused Assets to reduce memory usage. Loaded Objects now: 5262.
Total: 3.140300 ms (FindLiveObjects: 0.401000 ms CreateObjectMapping: 0.114100 ms MarkObjects: 2.316000 ms  DeleteObjects: 0.307800 ms)

========================================================================
Received Prepare
Registering precompiled user dll's ...
Registered in 0.003229 seconds.
Begin MonoManager ReloadAssembly
Native extension for WindowsStandalone target not found
Native extension for WebGL target not found
Refreshing native plugins compatible for Editor in 0.77 ms, found 2 plugins.
Preloading 0 native plugins for Editor in 0.00 ms.
Mono: successfully reloaded assembly
- Completed reload, in  0.871 seconds
Platform modules already initialized, skipping
Shader 'Universal Render Pipeline/Particles/Lit': fallback shader 'Universal Render Pipeline/Particles/SimpleLit' not found
Refreshing native plugins compatible for Editor in 0.79 ms, found 2 plugins.
Preloading 0 native plugins for Editor in 0.00 ms.
Unloading 4530 Unused Serialized files (Serialized files now loaded: 0)
System memory in use before: 182.1 MB.
System memory in use after: 181.6 MB.

Unloading 30 unused Assets to reduce memory usage. Loaded Objects now: 5266.
Total: 3.415800 ms (FindLiveObjects: 0.440700 ms CreateObjectMapping: 0.124200 ms MarkObjects: 2.554300 ms  DeleteObjects: 0.295700 ms)

========================================================================
Received Prepare
Registering precompiled user dll's ...
Registered in 0.003000 seconds.
Begin MonoManager ReloadAssembly
Native extension for WindowsStandalone target not found
Native extension for WebGL target not found
Refreshing native plugins compatible for Editor in 0.97 ms, found 2 plugins.
Preloading 0 native plugins for Editor in 0.00 ms.
Mono: successfully reloaded assembly
- Completed reload, in  0.949 seconds
Platform modules already initialized, skipping
Shader 'Universal Render Pipeline/Particles/Lit': fallback shader 'Universal Render Pipeline/Particles/SimpleLit' not found
Refreshing native plugins compatible for Editor in 1.04 ms, found 2 plugins.
Preloading 0 native plugins for Editor in 0.00 ms.
Unloading 4531 Unused Serialized files (Serialized files now loaded: 0)
System memory in use before: 182.1 MB.
System memory in use after: 181.6 MB.

Unloading 30 unused Assets to reduce memory usage. Loaded Objects now: 5271.
Total: 4.077500 ms (FindLiveObjects: 0.599600 ms CreateObjectMapping: 0.134500 ms MarkObjects: 2.995500 ms  DeleteObjects: 0.346200 ms)

========================================================================
Received Prepare
Registering precompiled user dll's ...
Registered in 0.003735 seconds.
Begin MonoManager ReloadAssembly
Native extension for WindowsStandalone target not found
Native extension for WebGL target not found
Refreshing native plugins compatible for Editor in 0.78 ms, found 2 plugins.
Preloading 0 native plugins for Editor in 0.00 ms.
Mono: successfully reloaded assembly
- Completed reload, in  0.900 seconds
Platform modules already initialized, skipping
Shader 'Universal Render Pipeline/Particles/Lit': fallback shader 'Universal Render Pipeline/Particles/SimpleLit' not found
Refreshing native plugins compatible for Editor in 0.85 ms, found 2 plugins.
Preloading 0 native plugins for Editor in 0.00 ms.
Unloading 4531 Unused Serialized files (Serialized files now loaded: 0)
System memory in use before: 182.1 MB.
System memory in use after: 181.6 MB.

Unloading 30 unused Assets to reduce memory usage. Loaded Objects now: 5275.
Total: 3.347100 ms (FindLiveObjects: 0.443100 ms CreateObjectMapping: 0.137800 ms MarkObjects: 2.462000 ms  DeleteObjects: 0.303200 ms)

========================================================================
Received Prepare
Registering precompiled user dll's ...
Registered in 0.003199 seconds.
Begin MonoManager ReloadAssembly
Native extension for WindowsStandalone target not found
Native extension for WebGL target not found
Refreshing native plugins compatible for Editor in 0.80 ms, found 2 plugins.
Preloading 0 native plugins for Editor in 0.00 ms.
Mono: successfully reloaded assembly
- Completed reload, in  0.948 seconds
Platform modules already initialized, skipping
Shader 'Universal Render Pipeline/Particles/Lit': fallback shader 'Universal Render Pipeline/Particles/SimpleLit' not found
Refreshing native plugins compatible for Editor in 0.80 ms, found 2 plugins.
Preloading 0 native plugins for Editor in 0.00 ms.
Unloading 4531 Unused Serialized files (Serialized files now loaded: 0)
System memory in use before: 182.1 MB.
System memory in use after: 181.7 MB.

Unloading 30 unused Assets to reduce memory usage. Loaded Objects now: 5279.
Total: 4.036600 ms (FindLiveObjects: 0.689400 ms CreateObjectMapping: 0.173400 ms MarkObjects: 2.815600 ms  DeleteObjects: 0.356400 ms)

========================================================================
Received Prepare
Registering precompiled user dll's ...
Registered in 0.004090 seconds.
Begin MonoManager ReloadAssembly
Native extension for WindowsStandalone target not found
Native extension for WebGL target not found
Refreshing native plugins compatible for Editor in 0.84 ms, found 2 plugins.
Preloading 0 native plugins for Editor in 0.00 ms.
Mono: successfully reloaded assembly
- Completed reload, in  0.921 seconds
Platform modules already initialized, skipping
Shader 'Universal Render Pipeline/Particles/Lit': fallback shader 'Universal Render Pipeline/Particles/SimpleLit' not found
Refreshing native plugins compatible for Editor in 0.81 ms, found 2 plugins.
Preloading 0 native plugins for Editor in 0.00 ms.
Unloading 4531 Unused Serialized files (Serialized files now loaded: 0)
System memory in use before: 182.1 MB.
System memory in use after: 181.7 MB.

Unloading 30 unused Assets to reduce memory usage. Loaded Objects now: 5283.
Total: 3.145900 ms (FindLiveObjects: 0.448500 ms CreateObjectMapping: 0.109100 ms MarkObjects: 2.213600 ms  DeleteObjects: 0.373800 ms)

========================================================================
Received Prepare
Registering precompiled user dll's ...
Registered in 0.002975 seconds.
Begin MonoManager ReloadAssembly
Native extension for WindowsStandalone target not found
Native extension for WebGL target not found
Refreshing native plugins compatible for Editor in 0.79 ms, found 2 plugins.
Preloading 0 native plugins for Editor in 0.00 ms.
Mono: successfully reloaded assembly
- Completed reload, in  0.882 seconds
Platform modules already initialized, skipping
Shader 'Universal Render Pipeline/Particles/Lit': fallback shader 'Universal Render Pipeline/Particles/SimpleLit' not found
Refreshing native plugins compatible for Editor in 0.77 ms, found 2 plugins.
Preloading 0 native plugins for Editor in 0.00 ms.
Unloading 4531 Unused Serialized files (Serialized files now loaded: 0)
System memory in use before: 182.1 MB.
System memory in use after: 181.7 MB.

Unloading 30 unused Assets to reduce memory usage. Loaded Objects now: 5287.
Total: 3.712000 ms (FindLiveObjects: 0.429400 ms CreateObjectMapping: 0.136300 ms MarkObjects: 2.757400 ms  DeleteObjects: 0.387500 ms)

========================================================================
Received Import Request.
  Time since last request: 1208.290472 seconds.
  path: Assets/ChangeImageColor.cs
  artifactKey: Guid(30ab32614a359134f8ff17aeca56bcf8) Importer(815301076,1909f56bfc062723c751e8b465ee728b)
Start importing Assets/ChangeImageColor.cs using Guid(30ab32614a359134f8ff17aeca56bcf8) Importer(815301076,1909f56bfc062723c751e8b465ee728b)  -> (artifact id: '368e9c140d5182325df98deba7afae6c') in 0.008819 seconds 
========================================================================
Received Prepare
Registering precompiled user dll's ...
Registered in 0.002789 seconds.
Begin MonoManager ReloadAssembly
Native extension for WindowsStandalone target not found
Native extension for WebGL target not found
Refreshing native plugins compatible for Editor in 0.83 ms, found 2 plugins.
Preloading 0 native plugins for Editor in 0.00 ms.
Mono: successfully reloaded assembly
- Completed reload, in  0.918 seconds
Platform modules already initialized, skipping
Shader 'Universal Render Pipeline/Particles/Lit': fallback shader 'Universal Render Pipeline/Particles/SimpleLit' not found
Refreshing native plugins compatible for Editor in 1.45 ms, found 2 plugins.
Preloading 0 native plugins for Editor in 0.00 ms.
Unloading 4530 Unused Serialized files (Serialized files now loaded: 0)
System memory in use before: 182.1 MB.
System memory in use after: 181.7 MB.

Unloading 31 unused Assets to reduce memory usage. Loaded Objects now: 5290.
Total: 4.348700 ms (FindLiveObjects: 0.571200 ms CreateObjectMapping: 0.127500 ms MarkObjects: 3.226900 ms  DeleteObjects: 0.421400 ms)

========================================================================
Received Prepare
Registering precompiled user dll's ...
Registered in 0.002921 seconds.
Begin MonoManager ReloadAssembly
Native extension for WindowsStandalone target not found
Native extension for WebGL target not found
Refreshing native plugins compatible for Editor in 0.90 ms, found 2 plugins.
Preloading 0 native plugins for Editor in 0.00 ms.
Mono: successfully reloaded assembly
- Completed reload, in  0.900 seconds
Platform modules already initialized, skipping
Shader 'Universal Render Pipeline/Particles/Lit': fallback shader 'Universal Render Pipeline/Particles/SimpleLit' not found
Refreshing native plugins compatible for Editor in 0.81 ms, found 2 plugins.
Preloading 0 native plugins for Editor in 0.00 ms.
Unloading 4530 Unused Serialized files (Serialized files now loaded: 0)
System memory in use before: 182.1 MB.
System memory in use after: 181.7 MB.

Unloading 30 unused Assets to reduce memory usage. Loaded Objects now: 5294.
Total: 4.424500 ms (FindLiveObjects: 0.776900 ms CreateObjectMapping: 0.350700 ms MarkObjects: 2.907900 ms  DeleteObjects: 0.387300 ms)

========================================================================
Received Prepare
Registering precompiled user dll's ...
Registered in 0.002789 seconds.
Begin MonoManager ReloadAssembly
Native extension for WindowsStandalone target not found
Native extension for WebGL target not found
Refreshing native plugins compatible for Editor in 0.79 ms, found 2 plugins.
Preloading 0 native plugins for Editor in 0.00 ms.
Mono: successfully reloaded assembly
- Completed reload, in  0.868 seconds
Platform modules already initialized, skipping
Shader 'Universal Render Pipeline/Particles/Lit': fallback shader 'Universal Render Pipeline/Particles/SimpleLit' not found
Refreshing native plugins compatible for Editor in 0.81 ms, found 2 plugins.
Preloading 0 native plugins for Editor in 0.00 ms.
Unloading 4530 Unused Serialized files (Serialized files now loaded: 0)
System memory in use before: 182.1 MB.
System memory in use after: 181.7 MB.

Unloading 30 unused Assets to reduce memory usage. Loaded Objects now: 5298.
Total: 3.345400 ms (FindLiveObjects: 0.555700 ms CreateObjectMapping: 0.149500 ms MarkObjects: 2.285100 ms  DeleteObjects: 0.353900 ms)

========================================================================
Received Prepare
Registering precompiled user dll's ...
Registered in 0.003091 seconds.
Begin MonoManager ReloadAssembly
Native extension for WindowsStandalone target not found
Native extension for WebGL target not found
Refreshing native plugins compatible for Editor in 0.79 ms, found 2 plugins.
Preloading 0 native plugins for Editor in 0.00 ms.
Mono: successfully reloaded assembly
- Completed reload, in  0.876 seconds
Platform modules already initialized, skipping
Shader 'Universal Render Pipeline/Particles/Lit': fallback shader 'Universal Render Pipeline/Particles/SimpleLit' not found
Refreshing native plugins compatible for Editor in 0.82 ms, found 2 plugins.
Preloading 0 native plugins for Editor in 0.00 ms.
Unloading 4530 Unused Serialized files (Serialized files now loaded: 0)
System memory in use before: 182.2 MB.
System memory in use after: 181.7 MB.

Unloading 30 unused Assets to reduce memory usage. Loaded Objects now: 5302.
Total: 4.125600 ms (FindLiveObjects: 0.859000 ms CreateObjectMapping: 0.288300 ms MarkObjects: 2.670300 ms  DeleteObjects: 0.305800 ms)

========================================================================
Received Prepare
Registering precompiled user dll's ...
Registered in 0.002891 seconds.
Begin MonoManager ReloadAssembly
Native extension for WindowsStandalone target not found
Native extension for WebGL target not found
Refreshing native plugins compatible for Editor in 0.76 ms, found 2 plugins.
Preloading 0 native plugins for Editor in 0.00 ms.
Mono: successfully reloaded assembly
- Completed reload, in  0.867 seconds
Platform modules already initialized, skipping
Shader 'Universal Render Pipeline/Particles/Lit': fallback shader 'Universal Render Pipeline/Particles/SimpleLit' not found
Refreshing native plugins compatible for Editor in 0.76 ms, found 2 plugins.
Preloading 0 native plugins for Editor in 0.00 ms.
Unloading 4530 Unused Serialized files (Serialized files now loaded: 0)
System memory in use before: 182.2 MB.
System memory in use after: 181.7 MB.

Unloading 30 unused Assets to reduce memory usage. Loaded Objects now: 5306.
Total: 3.573800 ms (FindLiveObjects: 0.479600 ms CreateObjectMapping: 0.117400 ms MarkObjects: 2.688500 ms  DeleteObjects: 0.287200 ms)

========================================================================
Received Prepare
Registering precompiled user dll's ...
Registered in 0.002881 seconds.
Begin MonoManager ReloadAssembly
Native extension for WindowsStandalone target not found
Native extension for WebGL target not found
Refreshing native plugins compatible for Editor in 1.28 ms, found 2 plugins.
Preloading 0 native plugins for Editor in 0.00 ms.
Mono: successfully reloaded assembly
- Completed reload, in  0.884 seconds
Platform modules already initialized, skipping
Shader 'Universal Render Pipeline/Particles/Lit': fallback shader 'Universal Render Pipeline/Particles/SimpleLit' not found
Refreshing native plugins compatible for Editor in 1.00 ms, found 2 plugins.
Preloading 0 native plugins for Editor in 0.00 ms.
Unloading 4530 Unused Serialized files (Serialized files now loaded: 0)
System memory in use before: 182.2 MB.
System memory in use after: 181.7 MB.

Unloading 30 unused Assets to reduce memory usage. Loaded Objects now: 5310.
Total: 3.153900 ms (FindLiveObjects: 0.420400 ms CreateObjectMapping: 0.116300 ms MarkObjects: 2.321400 ms  DeleteObjects: 0.294600 ms)

========================================================================
Received Prepare
Registering precompiled user dll's ...
Registered in 0.002887 seconds.
Begin MonoManager ReloadAssembly
Native extension for WindowsStandalone target not found
Native extension for WebGL target not found
Refreshing native plugins compatible for Editor in 0.78 ms, found 2 plugins.
Preloading 0 native plugins for Editor in 0.00 ms.
Mono: successfully reloaded assembly
- Completed reload, in  0.902 seconds
Platform modules already initialized, skipping
Shader 'Universal Render Pipeline/Particles/Lit': fallback shader 'Universal Render Pipeline/Particles/SimpleLit' not found
Refreshing native plugins compatible for Editor in 0.97 ms, found 2 plugins.
Preloading 0 native plugins for Editor in 0.00 ms.
Unloading 4530 Unused Serialized files (Serialized files now loaded: 0)
System memory in use before: 182.2 MB.
System memory in use after: 181.7 MB.

Unloading 30 unused Assets to reduce memory usage. Loaded Objects now: 5314.
Total: 3.680600 ms (FindLiveObjects: 0.539600 ms CreateObjectMapping: 0.116400 ms MarkObjects: 2.697700 ms  DeleteObjects: 0.325300 ms)

========================================================================
Received Prepare
Registering precompiled user dll's ...
Registered in 0.002991 seconds.
Begin MonoManager ReloadAssembly
Native extension for WindowsStandalone target not found
Native extension for WebGL target not found
Refreshing native plugins compatible for Editor in 0.68 ms, found 2 plugins.
Preloading 0 native plugins for Editor in 0.00 ms.
Mono: successfully reloaded assembly
- Completed reload, in  0.934 seconds
Platform modules already initialized, skipping
Shader 'Universal Render Pipeline/Particles/Lit': fallback shader 'Universal Render Pipeline/Particles/SimpleLit' not found
Refreshing native plugins compatible for Editor in 1.12 ms, found 2 plugins.
Preloading 0 native plugins for Editor in 0.00 ms.
Unloading 4530 Unused Serialized files (Serialized files now loaded: 0)
System memory in use before: 182.2 MB.
System memory in use after: 181.7 MB.

Unloading 30 unused Assets to reduce memory usage. Loaded Objects now: 5318.
Total: 2.997300 ms (FindLiveObjects: 0.473600 ms CreateObjectMapping: 0.115700 ms MarkObjects: 2.106000 ms  DeleteObjects: 0.300800 ms)

========================================================================
Received Prepare
Registering precompiled user dll's ...
Registered in 0.002983 seconds.
Begin MonoManager ReloadAssembly
Native extension for WindowsStandalone target not found
Native extension for WebGL target not found
Refreshing native plugins compatible for Editor in 0.76 ms, found 2 plugins.
Preloading 0 native plugins for Editor in 0.00 ms.
Mono: successfully reloaded assembly
- Completed reload, in  0.867 seconds
Platform modules already initialized, skipping
Shader 'Universal Render Pipeline/Particles/Lit': fallback shader 'Universal Render Pipeline/Particles/SimpleLit' not found
Refreshing native plugins compatible for Editor in 0.89 ms, found 2 plugins.
Preloading 0 native plugins for Editor in 0.00 ms.
Unloading 4530 Unused Serialized files (Serialized files now loaded: 0)
System memory in use before: 182.2 MB.
System memory in use after: 181.7 MB.

Unloading 30 unused Assets to reduce memory usage. Loaded Objects now: 5322.
Total: 2.850300 ms (FindLiveObjects: 0.387000 ms CreateObjectMapping: 0.115000 ms MarkObjects: 2.069800 ms  DeleteObjects: 0.277600 ms)

========================================================================
Received Prepare
Registering precompiled user dll's ...
Registered in 0.002779 seconds.
Begin MonoManager ReloadAssembly
Native extension for WindowsStandalone target not found
Native extension for WebGL target not found
Refreshing native plugins compatible for Editor in 0.82 ms, found 2 plugins.
Preloading 0 native plugins for Editor in 0.00 ms.
Mono: successfully reloaded assembly
- Completed reload, in  0.874 seconds
Platform modules already initialized, skipping
Shader 'Universal Render Pipeline/Particles/Lit': fallback shader 'Universal Render Pipeline/Particles/SimpleLit' not found
Refreshing native plugins compatible for Editor in 0.82 ms, found 2 plugins.
Preloading 0 native plugins for Editor in 0.00 ms.
Unloading 4530 Unused Serialized files (Serialized files now loaded: 0)
System memory in use before: 182.2 MB.
System memory in use after: 181.8 MB.

Unloading 30 unused Assets to reduce memory usage. Loaded Objects now: 5326.
Total: 3.321900 ms (FindLiveObjects: 0.435500 ms CreateObjectMapping: 0.122900 ms MarkObjects: 2.461600 ms  DeleteObjects: 0.300700 ms)

========================================================================
Received Prepare
Registering precompiled user dll's ...
Registered in 0.002996 seconds.
Begin MonoManager ReloadAssembly
Native extension for WindowsStandalone target not found
Native extension for WebGL target not found
Refreshing native plugins compatible for Editor in 0.79 ms, found 2 plugins.
Preloading 0 native plugins for Editor in 0.00 ms.
Mono: successfully reloaded assembly
- Completed reload, in  0.922 seconds
Platform modules already initialized, skipping
Shader 'Universal Render Pipeline/Particles/Lit': fallback shader 'Universal Render Pipeline/Particles/SimpleLit' not found
Refreshing native plugins compatible for Editor in 0.93 ms, found 2 plugins.
Preloading 0 native plugins for Editor in 0.00 ms.
Unloading 4530 Unused Serialized files (Serialized files now loaded: 0)
System memory in use before: 182.2 MB.
System memory in use after: 181.8 MB.

Unloading 30 unused Assets to reduce memory usage. Loaded Objects now: 5330.
Total: 3.721400 ms (FindLiveObjects: 0.485800 ms CreateObjectMapping: 0.126300 ms MarkObjects: 2.810000 ms  DeleteObjects: 0.298300 ms)

========================================================================
Received Prepare
Registering precompiled user dll's ...
Registered in 0.002859 seconds.
Begin MonoManager ReloadAssembly
Native extension for WindowsStandalone target not found
Native extension for WebGL target not found
Refreshing native plugins compatible for Editor in 0.78 ms, found 2 plugins.
Preloading 0 native plugins for Editor in 0.00 ms.
Mono: successfully reloaded assembly
- Completed reload, in  0.921 seconds
Platform modules already initialized, skipping
Shader 'Universal Render Pipeline/Particles/Lit': fallback shader 'Universal Render Pipeline/Particles/SimpleLit' not found
Refreshing native plugins compatible for Editor in 0.78 ms, found 2 plugins.
Preloading 0 native plugins for Editor in 0.00 ms.
Unloading 4530 Unused Serialized files (Serialized files now loaded: 0)
System memory in use before: 182.2 MB.
System memory in use after: 181.8 MB.

Unloading 30 unused Assets to reduce memory usage. Loaded Objects now: 5334.
Total: 3.836200 ms (FindLiveObjects: 0.389000 ms CreateObjectMapping: 0.134500 ms MarkObjects: 2.928200 ms  DeleteObjects: 0.383000 ms)

========================================================================
Received Prepare
Registering precompiled user dll's ...
Registered in 0.003068 seconds.
Begin MonoManager ReloadAssembly
Native extension for WindowsStandalone target not found
Native extension for WebGL target not found
Refreshing native plugins compatible for Editor in 0.89 ms, found 2 plugins.
Preloading 0 native plugins for Editor in 0.00 ms.
Mono: successfully reloaded assembly
- Completed reload, in  0.873 seconds
Platform modules already initialized, skipping
Shader 'Universal Render Pipeline/Particles/Lit': fallback shader 'Universal Render Pipeline/Particles/SimpleLit' not found
Refreshing native plugins compatible for Editor in 0.77 ms, found 2 plugins.
Preloading 0 native plugins for Editor in 0.00 ms.
Unloading 4530 Unused Serialized files (Serialized files now loaded: 0)
System memory in use before: 182.2 MB.
System memory in use after: 181.8 MB.

Unloading 30 unused Assets to reduce memory usage. Loaded Objects now: 5338.
Total: 3.514300 ms (FindLiveObjects: 0.562800 ms CreateObjectMapping: 0.211300 ms MarkObjects: 2.434600 ms  DeleteObjects: 0.304400 ms)

========================================================================
Received Import Request.
  Time since last request: 566.997337 seconds.
  path: Assets/Dimension Disturbances Minus.prefab
  artifactKey: Guid(cd0692599ea2fc349a07898caa297133) Importer(815301076,1909f56bfc062723c751e8b465ee728b)
Start importing Assets/Dimension Disturbances Minus.prefab using Guid(cd0692599ea2fc349a07898caa297133) Importer(815301076,1909f56bfc062723c751e8b465ee728b)  -> (artifact id: '95989bf866f003d0ad001823d270ccc8') in 0.128453 seconds 
========================================================================
Received Import Request.
  Time since last request: 76.129628 seconds.
  path: Assets/Dimension Disturbances Plus.prefab
  artifactKey: Guid(c9477645fe19e644d9f346d2d5ee9b7d) Importer(815301076,1909f56bfc062723c751e8b465ee728b)
Start importing Assets/Dimension Disturbances Plus.prefab using Guid(c9477645fe19e644d9f346d2d5ee9b7d) Importer(815301076,1909f56bfc062723c751e8b465ee728b)  -> (artifact id: '67b2b38bbba7cd189c5f1e7177f013a0') in 0.009799 seconds 
========================================================================
Received Import Request.
  Time since last request: 2.656870 seconds.
  path: Assets/Dimension Disturbances Minus.prefab
  artifactKey: Guid(cd0692599ea2fc349a07898caa297133) Importer(815301076,1909f56bfc062723c751e8b465ee728b)
Start importing Assets/Dimension Disturbances Minus.prefab using Guid(cd0692599ea2fc349a07898caa297133) Importer(815301076,1909f56bfc062723c751e8b465ee728b)  -> (artifact id: '2f0f53d057a4c6ae6592886bb9b33c26') in 0.009177 seconds 
========================================================================
Received Prepare
Registering precompiled user dll's ...
Registered in 0.002869 seconds.
Begin MonoManager ReloadAssembly
Native extension for WindowsStandalone target not found
Native extension for WebGL target not found
Refreshing native plugins compatible for Editor in 0.78 ms, found 2 plugins.
Preloading 0 native plugins for Editor in 0.00 ms.
Mono: successfully reloaded assembly
- Completed reload, in  0.881 seconds
Platform modules already initialized, skipping
Shader 'Universal Render Pipeline/Particles/Lit': fallback shader 'Universal Render Pipeline/Particles/SimpleLit' not found
Refreshing native plugins compatible for Editor in 0.77 ms, found 2 plugins.
Preloading 0 native plugins for Editor in 0.00 ms.
Unloading 4530 Unused Serialized files (Serialized files now loaded: 0)
System memory in use before: 182.3 MB.
System memory in use after: 181.8 MB.

Unloading 30 unused Assets to reduce memory usage. Loaded Objects now: 5380.
Total: 3.245800 ms (FindLiveObjects: 0.412900 ms CreateObjectMapping: 0.121500 ms MarkObjects: 2.419900 ms  DeleteObjects: 0.290100 ms)

========================================================================
Received Prepare
Registering precompiled user dll's ...
Registered in 0.002821 seconds.
Begin MonoManager ReloadAssembly
Native extension for WindowsStandalone target not found
Native extension for WebGL target not found
Refreshing native plugins compatible for Editor in 0.82 ms, found 2 plugins.
Preloading 0 native plugins for Editor in 0.00 ms.
Mono: successfully reloaded assembly
- Completed reload, in  0.889 seconds
Platform modules already initialized, skipping
Shader 'Universal Render Pipeline/Particles/Lit': fallback shader 'Universal Render Pipeline/Particles/SimpleLit' not found
Refreshing native plugins compatible for Editor in 0.82 ms, found 2 plugins.
Preloading 0 native plugins for Editor in 0.00 ms.
Unloading 4530 Unused Serialized files (Serialized files now loaded: 0)
System memory in use before: 182.3 MB.
System memory in use after: 181.8 MB.

Unloading 30 unused Assets to reduce memory usage. Loaded Objects now: 5384.
Total: 3.143300 ms (FindLiveObjects: 0.515400 ms CreateObjectMapping: 0.132400 ms MarkObjects: 2.196300 ms  DeleteObjects: 0.298100 ms)

========================================================================
Received Prepare
Registering precompiled user dll's ...
Registered in 0.002843 seconds.
Begin MonoManager ReloadAssembly
Native extension for WindowsStandalone target not found
Native extension for WebGL target not found
Refreshing native plugins compatible for Editor in 0.87 ms, found 2 plugins.
Preloading 0 native plugins for Editor in 0.00 ms.
Mono: successfully reloaded assembly
- Completed reload, in  0.859 seconds
Platform modules already initialized, skipping
Shader 'Universal Render Pipeline/Particles/Lit': fallback shader 'Universal Render Pipeline/Particles/SimpleLit' not found
Refreshing native plugins compatible for Editor in 0.80 ms, found 2 plugins.
Preloading 0 native plugins for Editor in 0.00 ms.
Unloading 4530 Unused Serialized files (Serialized files now loaded: 0)
System memory in use before: 182.2 MB.
System memory in use after: 181.7 MB.

Unloading 30 unused Assets to reduce memory usage. Loaded Objects now: 5388.
Total: 3.143500 ms (FindLiveObjects: 0.370500 ms CreateObjectMapping: 0.115700 ms MarkObjects: 2.335100 ms  DeleteObjects: 0.321400 ms)

========================================================================
Received Import Request.
  Time since last request: 336.923426 seconds.
  path: Assets/stereofidelic.ttf
  artifactKey: Guid(37ce0ad3531e68341ba53a4ff9795e84) Importer(815301076,1909f56bfc062723c751e8b465ee728b)
Start importing Assets/stereofidelic.ttf using Guid(37ce0ad3531e68341ba53a4ff9795e84) Importer(815301076,1909f56bfc062723c751e8b465ee728b)  -> (artifact id: '95cff2ba77089fe89eb59e40eb8e0842') in 0.136837 seconds 
========================================================================
Received Import Request.
  Time since last request: 5.350898 seconds.
  path: Assets/TextMesh Pro/Fonts/LiberationSans.ttf
  artifactKey: Guid(e3265ab4bf004d28a9537516768c1c75) Importer(815301076,1909f56bfc062723c751e8b465ee728b)
Start importing Assets/TextMesh Pro/Fonts/LiberationSans.ttf using Guid(e3265ab4bf004d28a9537516768c1c75) Importer(815301076,1909f56bfc062723c751e8b465ee728b)  -> (artifact id: '145e987ce862dba65500ee721ad3fee0') in 0.007996 seconds 
========================================================================
Received Import Request.
  Time since last request: 6.486932 seconds.
  path: Assets/stereofidelic SDF.asset
  artifactKey: Guid(8ce03d8f6cf0a6b4dbacd94d77067d01) Importer(815301076,1909f56bfc062723c751e8b465ee728b)
Start importing Assets/stereofidelic SDF.asset using Guid(8ce03d8f6cf0a6b4dbacd94d77067d01) Importer(815301076,1909f56bfc062723c751e8b465ee728b)  -> (artifact id: 'eb476a9023f83c8182561828473f2476') in 0.031699 seconds 
========================================================================
Received Prepare
Registering precompiled user dll's ...
Registered in 0.003014 seconds.
Begin MonoManager ReloadAssembly
Native extension for WindowsStandalone target not found
Native extension for WebGL target not found
Refreshing native plugins compatible for Editor in 0.87 ms, found 2 plugins.
Preloading 0 native plugins for Editor in 0.00 ms.
Mono: successfully reloaded assembly
- Completed reload, in  0.873 seconds
Platform modules already initialized, skipping
Shader 'Universal Render Pipeline/Particles/Lit': fallback shader 'Universal Render Pipeline/Particles/SimpleLit' not found
Refreshing native plugins compatible for Editor in 0.79 ms, found 2 plugins.
Preloading 0 native plugins for Editor in 0.00 ms.
Unloading 4533 Unused Serialized files (Serialized files now loaded: 0)
System memory in use before: 184.5 MB.
System memory in use after: 184.3 MB.

Unloading 28 unused Assets to reduce memory usage. Loaded Objects now: 5514.
Total: 3.270400 ms (FindLiveObjects: 0.396500 ms CreateObjectMapping: 0.121000 ms MarkObjects: 2.493400 ms  DeleteObjects: 0.258400 ms)

========================================================================
Received Prepare
Registering precompiled user dll's ...
Registered in 0.002845 seconds.
Begin MonoManager ReloadAssembly
Native extension for WindowsStandalone target not found
Native extension for WebGL target not found
Refreshing native plugins compatible for Editor in 0.80 ms, found 2 plugins.
Preloading 0 native plugins for Editor in 0.00 ms.
Mono: successfully reloaded assembly
- Completed reload, in  0.868 seconds
Platform modules already initialized, skipping
Shader 'Universal Render Pipeline/Particles/Lit': fallback shader 'Universal Render Pipeline/Particles/SimpleLit' not found
Refreshing native plugins compatible for Editor in 0.87 ms, found 2 plugins.
Preloading 0 native plugins for Editor in 0.00 ms.
Unloading 4528 Unused Serialized files (Serialized files now loaded: 0)
System memory in use before: 184.2 MB.
System memory in use after: 184.1 MB.

Unloading 28 unused Assets to reduce memory usage. Loaded Objects now: 5518.
Total: 3.485500 ms (FindLiveObjects: 0.421300 ms CreateObjectMapping: 0.124500 ms MarkObjects: 2.671200 ms  DeleteObjects: 0.267300 ms)

========================================================================
Received Import Request.
  Time since last request: 242.458155 seconds.
  path: Assets/stereofidelic SDF.asset
  artifactKey: Guid(8ce03d8f6cf0a6b4dbacd94d77067d01) Importer(815301076,1909f56bfc062723c751e8b465ee728b)
Start importing Assets/stereofidelic SDF.asset using Guid(8ce03d8f6cf0a6b4dbacd94d77067d01) Importer(815301076,1909f56bfc062723c751e8b465ee728b)  -> (artifact id: 'ca658af025f779e7ec244f888865da8e') in 0.140869 seconds 
========================================================================
Received Prepare
Registering precompiled user dll's ...
Registered in 0.002824 seconds.
Begin MonoManager ReloadAssembly
Native extension for WindowsStandalone target not found
Native extension for WebGL target not found
Refreshing native plugins compatible for Editor in 0.81 ms, found 2 plugins.
Preloading 0 native plugins for Editor in 0.00 ms.
Mono: successfully reloaded assembly
- Completed reload, in  0.903 seconds
Platform modules already initialized, skipping
Shader 'Universal Render Pipeline/Particles/Lit': fallback shader 'Universal Render Pipeline/Particles/SimpleLit' not found
Refreshing native plugins compatible for Editor in 0.78 ms, found 2 plugins.
Preloading 0 native plugins for Editor in 0.00 ms.
Unloading 4529 Unused Serialized files (Serialized files now loaded: 0)
System memory in use before: 185.1 MB.
System memory in use after: 185.0 MB.

Unloading 28 unused Assets to reduce memory usage. Loaded Objects now: 5575.
Total: 3.146000 ms (FindLiveObjects: 0.464900 ms CreateObjectMapping: 0.122400 ms MarkObjects: 2.288300 ms  DeleteObjects: 0.269400 ms)

========================================================================
Received Prepare
Registering precompiled user dll's ...
Registered in 0.002872 seconds.
Begin MonoManager ReloadAssembly
Native extension for WindowsStandalone target not found
Native extension for WebGL target not found
Refreshing native plugins compatible for Editor in 0.84 ms, found 2 plugins.
Preloading 0 native plugins for Editor in 0.00 ms.
Mono: successfully reloaded assembly
- Completed reload, in  0.932 seconds
Platform modules already initialized, skipping
Shader 'Universal Render Pipeline/Particles/Lit': fallback shader 'Universal Render Pipeline/Particles/SimpleLit' not found
Refreshing native plugins compatible for Editor in 0.80 ms, found 2 plugins.
Preloading 0 native plugins for Editor in 0.00 ms.
Unloading 4528 Unused Serialized files (Serialized files now loaded: 0)
System memory in use before: 185.1 MB.
System memory in use after: 185.0 MB.

Unloading 28 unused Assets to reduce memory usage. Loaded Objects now: 5579.
Total: 3.395100 ms (FindLiveObjects: 0.495000 ms CreateObjectMapping: 0.129400 ms MarkObjects: 2.494200 ms  DeleteObjects: 0.275200 ms)

========================================================================
Received Prepare
Registering precompiled user dll's ...
Registered in 0.003018 seconds.
Begin MonoManager ReloadAssembly
Native extension for WindowsStandalone target not found
Native extension for WebGL target not found
Refreshing native plugins compatible for Editor in 0.84 ms, found 2 plugins.
Preloading 0 native plugins for Editor in 0.00 ms.
Mono: successfully reloaded assembly
- Completed reload, in  0.950 seconds
Platform modules already initialized, skipping
Shader 'Universal Render Pipeline/Particles/Lit': fallback shader 'Universal Render Pipeline/Particles/SimpleLit' not found
Refreshing native plugins compatible for Editor in 0.91 ms, found 2 plugins.
Preloading 0 native plugins for Editor in 0.00 ms.
Unloading 4528 Unused Serialized files (Serialized files now loaded: 0)
System memory in use before: 185.1 MB.
System memory in use after: 184.9 MB.

Unloading 28 unused Assets to reduce memory usage. Loaded Objects now: 5583.
Total: 3.401600 ms (FindLiveObjects: 0.457000 ms CreateObjectMapping: 0.117200 ms MarkObjects: 2.561200 ms  DeleteObjects: 0.265200 ms)

========================================================================
Received Prepare
Registering precompiled user dll's ...
Registered in 0.002821 seconds.
Begin MonoManager ReloadAssembly
Native extension for WindowsStandalone target not found
Native extension for WebGL target not found
Refreshing native plugins compatible for Editor in 0.84 ms, found 2 plugins.
Preloading 0 native plugins for Editor in 0.00 ms.
Mono: successfully reloaded assembly
- Completed reload, in  0.883 seconds
Platform modules already initialized, skipping
Shader 'Universal Render Pipeline/Particles/Lit': fallback shader 'Universal Render Pipeline/Particles/SimpleLit' not found
Refreshing native plugins compatible for Editor in 1.11 ms, found 2 plugins.
Preloading 0 native plugins for Editor in 0.00 ms.
Unloading 4528 Unused Serialized files (Serialized files now loaded: 0)
System memory in use before: 185.1 MB.
System memory in use after: 184.9 MB.

Unloading 28 unused Assets to reduce memory usage. Loaded Objects now: 5587.
Total: 3.643100 ms (FindLiveObjects: 0.526900 ms CreateObjectMapping: 0.130600 ms MarkObjects: 2.701000 ms  DeleteObjects: 0.283500 ms)

AssetImportWorkerClient::OnTransportError - code=2 error=End of file
