Using pre-set license
Built from '2021.1/release' branch; Version is '2021.1.0f1 (61a549675243) revision 6399305'; Using compiler version '192528614'; Build Type 'Release'
OS: 'Windows 10 Home; OS build 19042.867; Version 2009; 64bit' Language: 'en' Physical Memory: 32712 MB
BatchMode: 1, IsHumanControllingUs: 0, StartBugReporterOnCrash: 0, Is64bit: 1, IsPro: 0

 COMMAND LINE ARGUMENTS:
D:\Unity Editor\2021.1.0f1\Editor\Unity.exe
-adb2
-batchMode
-noUpm
-name
AssetImportWorker0
-projectPath
C:/Users/Sidd/Documents/GitHub/dimensions-lmobgamejam20
-logFile
Logs/AssetImportWorker0.log
-srvPort
53462
Successfully changed project path to: C:/Users/Sidd/Documents/GitHub/dimensions-lmobgamejam20
C:/Users/Sidd/Documents/GitHub/dimensions-lmobgamejam20
Using Asset Import Pipeline V2.
Refreshing native plugins compatible for Editor in 99.45 ms, found 2 plugins.
Preloading 0 native plugins for Editor in 0.00 ms.
Initialize engine version: 2021.1.0f1 (61a549675243)
[Subsystems] Discovering subsystems at path D:/Unity Editor/2021.1.0f1/Editor/Data/Resources/UnitySubsystems
[Subsystems] Discovering subsystems at path C:/Users/Sidd/Documents/GitHub/dimensions-lmobgamejam20/Assets
GfxDevice: creating device client; threaded=0; jobified=0
Direct3D:
    Version:  Direct3D 11.0 [level 11.1]
    Renderer: NVIDIA GeForce RTX 3070 (ID=0x2484)
    Vendor:   NVIDIA
    VRAM:     8043 MB
    Driver:   27.21.14.6192
Shader 'Universal Render Pipeline/Particles/Lit': fallback shader 'Universal Render Pipeline/Particles/SimpleLit' not found
Initialize mono
Mono path[0] = 'D:/Unity Editor/2021.1.0f1/Editor/Data/Managed'
Mono path[1] = 'D:/Unity Editor/2021.1.0f1/Editor/Data/MonoBleedingEdge/lib/mono/unityjit'
Mono config path = 'D:/Unity Editor/2021.1.0f1/Editor/Data/MonoBleedingEdge/etc'
Using monoOptions --debugger-agent=transport=dt_socket,embedding=1,server=y,suspend=n,address=127.0.0.1:56448
Begin MonoManager ReloadAssembly
Registering precompiled unity dll's ...
Register platform support module: D:/Unity Editor/2021.1.0f1/Editor/Data/PlaybackEngines/WebGLSupport/UnityEditor.WebGL.Extensions.dll
Register platform support module: D:/Unity Editor/2021.1.0f1/Editor/Data/PlaybackEngines/WindowsStandaloneSupport/UnityEditor.WindowsStandalone.Extensions.dll
Registered in 0.001181 seconds.
Native extension for WindowsStandalone target not found
Native extension for WebGL target not found
Refreshing native plugins compatible for Editor in 106.26 ms, found 2 plugins.
Preloading 0 native plugins for Editor in 0.00 ms.
Mono: successfully reloaded assembly
- Completed reload, in  1.275 seconds
Platform modules already initialized, skipping
Registering precompiled user dll's ...
Registered in 0.002692 seconds.
Begin MonoManager ReloadAssembly
Native extension for WindowsStandalone target not found
Native extension for WebGL target not found
Refreshing native plugins compatible for Editor in 115.04 ms, found 2 plugins.
Preloading 0 native plugins for Editor in 0.00 ms.
Mono: successfully reloaded assembly
- Completed reload, in  1.146 seconds
Platform modules already initialized, skipping
========================================================================
Worker process is ready to serve import requests
Shader 'Universal Render Pipeline/Particles/Lit': fallback shader 'Universal Render Pipeline/Particles/SimpleLit' not found
Launched and connected shader compiler UnityShaderCompiler.exe after 0.04 seconds
Refreshing native plugins compatible for Editor in 0.81 ms, found 2 plugins.
Preloading 0 native plugins for Editor in 0.00 ms.
Unloading 4651 Unused Serialized files (Serialized files now loaded: 0)
System memory in use before: 181.6 MB.
System memory in use after: 181.7 MB.

Unloading 29 unused Assets to reduce memory usage. Loaded Objects now: 5106.
Total: 3.255100 ms (FindLiveObjects: 0.429500 ms CreateObjectMapping: 0.117000 ms MarkObjects: 2.561900 ms  DeleteObjects: 0.145400 ms)

========================================================================
Received Import Request.
  path: Assets/Disturbances.cs
  artifactKey: Guid(19f32719790933d4480a6302407f0b8e) Importer(815301076,1909f56bfc062723c751e8b465ee728b)
Start importing Assets/Disturbances.cs using Guid(19f32719790933d4480a6302407f0b8e) Importer(815301076,1909f56bfc062723c751e8b465ee728b)  -> (artifact id: 'c1084896b877db043e287441b8426652') in 0.023524 seconds 
========================================================================
Received Import Request.
  Time since last request: 35.748693 seconds.
  path: Assets/Disturbances.cs
  artifactKey: Guid(19f32719790933d4480a6302407f0b8e) Importer(815301076,1909f56bfc062723c751e8b465ee728b)
Start importing Assets/Disturbances.cs using Guid(19f32719790933d4480a6302407f0b8e) Importer(815301076,1909f56bfc062723c751e8b465ee728b)  -> (artifact id: '0bccea99e2e31b8adc9bdd859cb0fbcf') in 0.001872 seconds 
========================================================================
Received Import Request.
  Time since last request: 15.066896 seconds.
  path: Assets/Disturbances.cs
  artifactKey: Guid(19f32719790933d4480a6302407f0b8e) Importer(815301076,1909f56bfc062723c751e8b465ee728b)
Start importing Assets/Disturbances.cs using Guid(19f32719790933d4480a6302407f0b8e) Importer(815301076,1909f56bfc062723c751e8b465ee728b)  -> (artifact id: '7f5657d09c63b2d7e5eb84e79df6d70a') in 0.001503 seconds 
========================================================================
Received Prepare
Registering precompiled user dll's ...
Registered in 0.002864 seconds.
Begin MonoManager ReloadAssembly
Native extension for WindowsStandalone target not found
Native extension for WebGL target not found
Refreshing native plugins compatible for Editor in 0.77 ms, found 2 plugins.
Preloading 0 native plugins for Editor in 0.00 ms.
Mono: successfully reloaded assembly
- Completed reload, in  0.841 seconds
Platform modules already initialized, skipping
Shader 'Universal Render Pipeline/Particles/Lit': fallback shader 'Universal Render Pipeline/Particles/SimpleLit' not found
Refreshing native plugins compatible for Editor in 0.77 ms, found 2 plugins.
Preloading 0 native plugins for Editor in 0.00 ms.
Unloading 4514 Unused Serialized files (Serialized files now loaded: 0)
System memory in use before: 173.6 MB.
System memory in use after: 173.8 MB.

Unloading 17 unused Assets to reduce memory usage. Loaded Objects now: 5110.
Total: 2.584600 ms (FindLiveObjects: 0.375000 ms CreateObjectMapping: 0.117300 ms MarkObjects: 1.998200 ms  DeleteObjects: 0.093100 ms)

========================================================================
Received Import Request.
  Time since last request: 4.769772 seconds.
  path: Assets/Dimension Disturbances.prefab
  artifactKey: Guid(c9477645fe19e644d9f346d2d5ee9b7d) Importer(815301076,1909f56bfc062723c751e8b465ee728b)
Start importing Assets/Dimension Disturbances.prefab using Guid(c9477645fe19e644d9f346d2d5ee9b7d) Importer(815301076,1909f56bfc062723c751e8b465ee728b)  -> (artifact id: '63d3bc62f8627331d5b05b1418a502e9') in 0.145062 seconds 
========================================================================
Received Prepare
Registering precompiled user dll's ...
Registered in 0.002865 seconds.
Begin MonoManager ReloadAssembly
Native extension for WindowsStandalone target not found
Native extension for WebGL target not found
Refreshing native plugins compatible for Editor in 0.77 ms, found 2 plugins.
Preloading 0 native plugins for Editor in 0.00 ms.
Mono: successfully reloaded assembly
- Completed reload, in  0.865 seconds
Platform modules already initialized, skipping
Shader 'Universal Render Pipeline/Particles/Lit': fallback shader 'Universal Render Pipeline/Particles/SimpleLit' not found
Refreshing native plugins compatible for Editor in 0.75 ms, found 2 plugins.
Preloading 0 native plugins for Editor in 0.00 ms.
Unloading 4514 Unused Serialized files (Serialized files now loaded: 0)
System memory in use before: 180.0 MB.
System memory in use after: 180.2 MB.

Unloading 17 unused Assets to reduce memory usage. Loaded Objects now: 5161.
Total: 3.086000 ms (FindLiveObjects: 0.406000 ms CreateObjectMapping: 0.131000 ms MarkObjects: 2.447200 ms  DeleteObjects: 0.100700 ms)

========================================================================
Received Prepare
Registering precompiled user dll's ...
Registered in 0.002838 seconds.
Begin MonoManager ReloadAssembly
Native extension for WindowsStandalone target not found
Native extension for WebGL target not found
Refreshing native plugins compatible for Editor in 0.86 ms, found 2 plugins.
Preloading 0 native plugins for Editor in 0.00 ms.
Mono: successfully reloaded assembly
- Completed reload, in  0.850 seconds
Platform modules already initialized, skipping
Shader 'Universal Render Pipeline/Particles/Lit': fallback shader 'Universal Render Pipeline/Particles/SimpleLit' not found
Refreshing native plugins compatible for Editor in 0.77 ms, found 2 plugins.
Preloading 0 native plugins for Editor in 0.00 ms.
Unloading 4514 Unused Serialized files (Serialized files now loaded: 0)
System memory in use before: 180.1 MB.
System memory in use after: 180.2 MB.

Unloading 17 unused Assets to reduce memory usage. Loaded Objects now: 5165.
Total: 4.395400 ms (FindLiveObjects: 0.719600 ms CreateObjectMapping: 0.249100 ms MarkObjects: 3.302400 ms  DeleteObjects: 0.123000 ms)

========================================================================
Received Prepare
Registering precompiled user dll's ...
Registered in 0.002742 seconds.
Begin MonoManager ReloadAssembly
Native extension for WindowsStandalone target not found
Native extension for WebGL target not found
Refreshing native plugins compatible for Editor in 0.77 ms, found 2 plugins.
Preloading 0 native plugins for Editor in 0.00 ms.
Mono: successfully reloaded assembly
- Completed reload, in  0.859 seconds
Platform modules already initialized, skipping
Shader 'Universal Render Pipeline/Particles/Lit': fallback shader 'Universal Render Pipeline/Particles/SimpleLit' not found
Refreshing native plugins compatible for Editor in 0.74 ms, found 2 plugins.
Preloading 0 native plugins for Editor in 0.00 ms.
Unloading 4514 Unused Serialized files (Serialized files now loaded: 0)
System memory in use before: 180.0 MB.
System memory in use after: 180.2 MB.

Unloading 17 unused Assets to reduce memory usage. Loaded Objects now: 5169.
Total: 2.829200 ms (FindLiveObjects: 0.345800 ms CreateObjectMapping: 0.133400 ms MarkObjects: 2.245300 ms  DeleteObjects: 0.104000 ms)

========================================================================
Received Prepare
Registering precompiled user dll's ...
Registered in 0.002748 seconds.
Begin MonoManager ReloadAssembly
Native extension for WindowsStandalone target not found
Native extension for WebGL target not found
Refreshing native plugins compatible for Editor in 0.75 ms, found 2 plugins.
Preloading 0 native plugins for Editor in 0.00 ms.
Mono: successfully reloaded assembly
- Completed reload, in  0.847 seconds
Platform modules already initialized, skipping
Shader 'Universal Render Pipeline/Particles/Lit': fallback shader 'Universal Render Pipeline/Particles/SimpleLit' not found
Refreshing native plugins compatible for Editor in 0.82 ms, found 2 plugins.
Preloading 0 native plugins for Editor in 0.00 ms.
Unloading 4514 Unused Serialized files (Serialized files now loaded: 0)
System memory in use before: 180.0 MB.
System memory in use after: 180.2 MB.

Unloading 17 unused Assets to reduce memory usage. Loaded Objects now: 5173.
Total: 2.752600 ms (FindLiveObjects: 0.349000 ms CreateObjectMapping: 0.112500 ms MarkObjects: 2.198800 ms  DeleteObjects: 0.091100 ms)

========================================================================
Received Import Request.
  Time since last request: 394.461580 seconds.
  path: Assets/Dimension Disturbances.prefab
  artifactKey: Guid(c9477645fe19e644d9f346d2d5ee9b7d) Importer(815301076,1909f56bfc062723c751e8b465ee728b)
Start importing Assets/Dimension Disturbances.prefab using Guid(c9477645fe19e644d9f346d2d5ee9b7d) Importer(815301076,1909f56bfc062723c751e8b465ee728b)  -> (artifact id: 'f8ab10b9746a78f638372e6ff2702e43') in 0.117502 seconds 
========================================================================
Received Prepare
Registering precompiled user dll's ...
Registered in 0.003127 seconds.
Begin MonoManager ReloadAssembly
Native extension for WindowsStandalone target not found
Native extension for WebGL target not found
Refreshing native plugins compatible for Editor in 0.91 ms, found 2 plugins.
Preloading 0 native plugins for Editor in 0.00 ms.
Mono: successfully reloaded assembly
- Completed reload, in  0.887 seconds
Platform modules already initialized, skipping
Shader 'Universal Render Pipeline/Particles/Lit': fallback shader 'Universal Render Pipeline/Particles/SimpleLit' not found
Refreshing native plugins compatible for Editor in 0.81 ms, found 2 plugins.
Preloading 0 native plugins for Editor in 0.00 ms.
Unloading 4514 Unused Serialized files (Serialized files now loaded: 0)
System memory in use before: 180.2 MB.
System memory in use after: 180.3 MB.

Unloading 17 unused Assets to reduce memory usage. Loaded Objects now: 5215.
Total: 3.160200 ms (FindLiveObjects: 0.387600 ms CreateObjectMapping: 0.114600 ms MarkObjects: 2.551500 ms  DeleteObjects: 0.105600 ms)

========================================================================
Received Prepare
Registering precompiled user dll's ...
Registered in 0.002775 seconds.
Begin MonoManager ReloadAssembly
Native extension for WindowsStandalone target not found
Native extension for WebGL target not found
Refreshing native plugins compatible for Editor in 0.78 ms, found 2 plugins.
Preloading 0 native plugins for Editor in 0.00 ms.
Mono: successfully reloaded assembly
- Completed reload, in  0.843 seconds
Platform modules already initialized, skipping
Shader 'Universal Render Pipeline/Particles/Lit': fallback shader 'Universal Render Pipeline/Particles/SimpleLit' not found
Refreshing native plugins compatible for Editor in 0.79 ms, found 2 plugins.
Preloading 0 native plugins for Editor in 0.00 ms.
Unloading 4514 Unused Serialized files (Serialized files now loaded: 0)
System memory in use before: 180.2 MB.
System memory in use after: 180.3 MB.

Unloading 17 unused Assets to reduce memory usage. Loaded Objects now: 5219.
Total: 2.572300 ms (FindLiveObjects: 0.406000 ms CreateObjectMapping: 0.111600 ms MarkObjects: 1.964600 ms  DeleteObjects: 0.089300 ms)

========================================================================
Received Prepare
Registering precompiled user dll's ...
Registered in 0.002764 seconds.
Begin MonoManager ReloadAssembly
Native extension for WindowsStandalone target not found
Native extension for WebGL target not found
Refreshing native plugins compatible for Editor in 0.76 ms, found 2 plugins.
Preloading 0 native plugins for Editor in 0.00 ms.
Mono: successfully reloaded assembly
- Completed reload, in  0.844 seconds
Platform modules already initialized, skipping
Shader 'Universal Render Pipeline/Particles/Lit': fallback shader 'Universal Render Pipeline/Particles/SimpleLit' not found
Refreshing native plugins compatible for Editor in 0.75 ms, found 2 plugins.
Preloading 0 native plugins for Editor in 0.00 ms.
Unloading 4514 Unused Serialized files (Serialized files now loaded: 0)
System memory in use before: 180.1 MB.
System memory in use after: 180.2 MB.

Unloading 17 unused Assets to reduce memory usage. Loaded Objects now: 5223.
Total: 2.802100 ms (FindLiveObjects: 0.362400 ms CreateObjectMapping: 0.112600 ms MarkObjects: 2.226500 ms  DeleteObjects: 0.099700 ms)

AssetImportWorkerClient::OnTransportError - code=2 error=End of file
