Using pre-set license
Built from '2021.1/release' branch; Version is '2021.1.0f1 (61a549675243) revision 6399305'; Using compiler version '192528614'; Build Type 'Release'
OS: 'Windows 10 Home; OS build 19042.867; Version 2009; 64bit' Language: 'en' Physical Memory: 32712 MB
BatchMode: 1, IsHumanControllingUs: 0, StartBugReporterOnCrash: 0, Is64bit: 1, IsPro: 0

 COMMAND LINE ARGUMENTS:
D:\Unity Editor\2021.1.0f1\Editor\Unity.exe
-adb2
-batchMode
-noUpm
-name
AssetImportWorker1
-projectPath
C:/Users/Sidd/Documents/GitHub/dimensions-lmobgamejam20
-logFile
Logs/AssetImportWorker1.log
-srvPort
61213
Successfully changed project path to: C:/Users/Sidd/Documents/GitHub/dimensions-lmobgamejam20
C:/Users/Sidd/Documents/GitHub/dimensions-lmobgamejam20
Using Asset Import Pipeline V2.
Refreshing native plugins compatible for Editor in 98.86 ms, found 2 plugins.
Preloading 0 native plugins for Editor in 0.00 ms.
Initialize engine version: 2021.1.0f1 (61a549675243)
[Subsystems] Discovering subsystems at path D:/Unity Editor/2021.1.0f1/Editor/Data/Resources/UnitySubsystems
[Subsystems] Discovering subsystems at path C:/Users/Sidd/Documents/GitHub/dimensions-lmobgamejam20/Assets
GfxDevice: creating device client; threaded=0; jobified=0
Direct3D:
    Version:  Direct3D 11.0 [level 11.1]
    Renderer: NVIDIA GeForce RTX 3070 (ID=0x2484)
    Vendor:   NVIDIA
    VRAM:     8043 MB
    Driver:   27.21.14.6192
Shader 'Universal Render Pipeline/Particles/Lit': fallback shader 'Universal Render Pipeline/Particles/SimpleLit' not found
Initialize mono
Mono path[0] = 'D:/Unity Editor/2021.1.0f1/Editor/Data/Managed'
Mono path[1] = 'D:/Unity Editor/2021.1.0f1/Editor/Data/MonoBleedingEdge/lib/mono/unityjit'
Mono config path = 'D:/Unity Editor/2021.1.0f1/Editor/Data/MonoBleedingEdge/etc'
Using monoOptions --debugger-agent=transport=dt_socket,embedding=1,server=y,suspend=n,address=127.0.0.1:56664
Begin MonoManager ReloadAssembly
Registering precompiled unity dll's ...
Register platform support module: D:/Unity Editor/2021.1.0f1/Editor/Data/PlaybackEngines/WebGLSupport/UnityEditor.WebGL.Extensions.dll
Register platform support module: D:/Unity Editor/2021.1.0f1/Editor/Data/PlaybackEngines/WindowsStandaloneSupport/UnityEditor.WindowsStandalone.Extensions.dll
Registered in 0.001150 seconds.
Native extension for WindowsStandalone target not found
Native extension for WebGL target not found
Refreshing native plugins compatible for Editor in 104.07 ms, found 2 plugins.
Preloading 0 native plugins for Editor in 0.00 ms.
Mono: successfully reloaded assembly
- Completed reload, in  1.277 seconds
Platform modules already initialized, skipping
Registering precompiled user dll's ...
Registered in 0.002629 seconds.
Begin MonoManager ReloadAssembly
Native extension for WindowsStandalone target not found
Native extension for WebGL target not found
Refreshing native plugins compatible for Editor in 107.22 ms, found 2 plugins.
Preloading 0 native plugins for Editor in 0.00 ms.
Mono: successfully reloaded assembly
- Completed reload, in  1.019 seconds
Platform modules already initialized, skipping
========================================================================
Worker process is ready to serve import requests
Shader 'Universal Render Pipeline/Particles/Lit': fallback shader 'Universal Render Pipeline/Particles/SimpleLit' not found
Launched and connected shader compiler UnityShaderCompiler.exe after 0.04 seconds
Refreshing native plugins compatible for Editor in 0.86 ms, found 2 plugins.
Preloading 0 native plugins for Editor in 0.00 ms.
Unloading 4672 Unused Serialized files (Serialized files now loaded: 0)
System memory in use before: 183.9 MB.
System memory in use after: 184.0 MB.

Unloading 29 unused Assets to reduce memory usage. Loaded Objects now: 5128.
Total: 2.822700 ms (FindLiveObjects: 0.389100 ms CreateObjectMapping: 0.117100 ms MarkObjects: 2.205200 ms  DeleteObjects: 0.110200 ms)

========================================================================
Received Import Request.
  path: Assets/220161__gameaudio__teleport-morphy.wav
  artifactKey: Guid(61cd5646e62937c4abda16e1ec32a211) Importer(815301076,1909f56bfc062723c751e8b465ee728b)
Start importing Assets/220161__gameaudio__teleport-morphy.wav using Guid(61cd5646e62937c4abda16e1ec32a211) Importer(815301076,1909f56bfc062723c751e8b465ee728b)  -> (artifact id: 'f3127a8e9394e4f634d5c9c53fd2a440') in 0.082479 seconds 
========================================================================
Received Prepare
Registering precompiled user dll's ...
Registered in 0.002812 seconds.
Begin MonoManager ReloadAssembly
Native extension for WindowsStandalone target not found
Native extension for WebGL target not found
Refreshing native plugins compatible for Editor in 0.75 ms, found 2 plugins.
Preloading 0 native plugins for Editor in 0.00 ms.
Mono: successfully reloaded assembly
- Completed reload, in  0.867 seconds
Platform modules already initialized, skipping
Shader 'Universal Render Pipeline/Particles/Lit': fallback shader 'Universal Render Pipeline/Particles/SimpleLit' not found
Refreshing native plugins compatible for Editor in 0.79 ms, found 2 plugins.
Preloading 0 native plugins for Editor in 0.00 ms.
Unloading 4522 Unused Serialized files (Serialized files now loaded: 0)
System memory in use before: 179.1 MB.
System memory in use after: 179.2 MB.

Unloading 17 unused Assets to reduce memory usage. Loaded Objects now: 5141.
Total: 2.638100 ms (FindLiveObjects: 0.449400 ms CreateObjectMapping: 0.118500 ms MarkObjects: 1.971200 ms  DeleteObjects: 0.097700 ms)

========================================================================
Received Prepare
Registering precompiled user dll's ...
Registered in 0.002900 seconds.
Begin MonoManager ReloadAssembly
Native extension for WindowsStandalone target not found
Native extension for WebGL target not found
Refreshing native plugins compatible for Editor in 0.82 ms, found 2 plugins.
Preloading 0 native plugins for Editor in 0.00 ms.
Mono: successfully reloaded assembly
- Completed reload, in  0.870 seconds
Platform modules already initialized, skipping
Shader 'Universal Render Pipeline/Particles/Lit': fallback shader 'Universal Render Pipeline/Particles/SimpleLit' not found
Refreshing native plugins compatible for Editor in 1.03 ms, found 2 plugins.
Preloading 0 native plugins for Editor in 0.00 ms.
Unloading 4522 Unused Serialized files (Serialized files now loaded: 0)
System memory in use before: 179.2 MB.
System memory in use after: 179.3 MB.

Unloading 17 unused Assets to reduce memory usage. Loaded Objects now: 5145.
Total: 2.920300 ms (FindLiveObjects: 0.472000 ms CreateObjectMapping: 0.240300 ms MarkObjects: 2.110700 ms  DeleteObjects: 0.096300 ms)

========================================================================
Received Prepare
Registering precompiled user dll's ...
Registered in 0.002830 seconds.
Begin MonoManager ReloadAssembly
Native extension for WindowsStandalone target not found
Native extension for WebGL target not found
Refreshing native plugins compatible for Editor in 0.79 ms, found 2 plugins.
Preloading 0 native plugins for Editor in 0.00 ms.
Mono: successfully reloaded assembly
- Completed reload, in  0.901 seconds
Platform modules already initialized, skipping
Shader 'Universal Render Pipeline/Particles/Lit': fallback shader 'Universal Render Pipeline/Particles/SimpleLit' not found
Refreshing native plugins compatible for Editor in 0.82 ms, found 2 plugins.
Preloading 0 native plugins for Editor in 0.00 ms.
Unloading 4522 Unused Serialized files (Serialized files now loaded: 0)
System memory in use before: 179.2 MB.
System memory in use after: 179.3 MB.

Unloading 17 unused Assets to reduce memory usage. Loaded Objects now: 5149.
Total: 2.854600 ms (FindLiveObjects: 0.344900 ms CreateObjectMapping: 0.115400 ms MarkObjects: 2.305100 ms  DeleteObjects: 0.088200 ms)

========================================================================
Received Prepare
Registering precompiled user dll's ...
Registered in 0.002812 seconds.
Begin MonoManager ReloadAssembly
Native extension for WindowsStandalone target not found
Native extension for WebGL target not found
Refreshing native plugins compatible for Editor in 0.96 ms, found 2 plugins.
Preloading 0 native plugins for Editor in 0.00 ms.
Mono: successfully reloaded assembly
- Completed reload, in  0.916 seconds
Platform modules already initialized, skipping
Shader 'Universal Render Pipeline/Particles/Lit': fallback shader 'Universal Render Pipeline/Particles/SimpleLit' not found
Refreshing native plugins compatible for Editor in 0.77 ms, found 2 plugins.
Preloading 0 native plugins for Editor in 0.00 ms.
Unloading 4522 Unused Serialized files (Serialized files now loaded: 0)
System memory in use before: 179.2 MB.
System memory in use after: 179.4 MB.

Unloading 17 unused Assets to reduce memory usage. Loaded Objects now: 5153.
Total: 3.293600 ms (FindLiveObjects: 0.348100 ms CreateObjectMapping: 0.114100 ms MarkObjects: 2.729800 ms  DeleteObjects: 0.100700 ms)

========================================================================
Received Import Request.
  Time since last request: 168.420305 seconds.
  path: Assets/83252__zgump__bass-0208.wav
  artifactKey: Guid(7ca482740ad35be479a01b42f0447453) Importer(815301076,1909f56bfc062723c751e8b465ee728b)
Start importing Assets/83252__zgump__bass-0208.wav using Guid(7ca482740ad35be479a01b42f0447453) Importer(815301076,1909f56bfc062723c751e8b465ee728b)  -> (artifact id: '2e18f7ab8f8d1a7bcfe408c787fabba5') in 0.038207 seconds 
========================================================================
Received Prepare
Registering precompiled user dll's ...
Registered in 0.002779 seconds.
Begin MonoManager ReloadAssembly
Native extension for WindowsStandalone target not found
Native extension for WebGL target not found
Refreshing native plugins compatible for Editor in 0.83 ms, found 2 plugins.
Preloading 0 native plugins for Editor in 0.00 ms.
Mono: successfully reloaded assembly
- Completed reload, in  0.878 seconds
Platform modules already initialized, skipping
Shader 'Universal Render Pipeline/Particles/Lit': fallback shader 'Universal Render Pipeline/Particles/SimpleLit' not found
Refreshing native plugins compatible for Editor in 0.80 ms, found 2 plugins.
Preloading 0 native plugins for Editor in 0.00 ms.
Unloading 4522 Unused Serialized files (Serialized files now loaded: 0)
System memory in use before: 179.2 MB.
System memory in use after: 179.4 MB.

Unloading 17 unused Assets to reduce memory usage. Loaded Objects now: 5158.
Total: 2.736000 ms (FindLiveObjects: 0.422600 ms CreateObjectMapping: 0.137700 ms MarkObjects: 2.072600 ms  DeleteObjects: 0.102000 ms)

========================================================================
Received Prepare
Registering precompiled user dll's ...
Registered in 0.002831 seconds.
Begin MonoManager ReloadAssembly
Native extension for WindowsStandalone target not found
Native extension for WebGL target not found
Refreshing native plugins compatible for Editor in 0.77 ms, found 2 plugins.
Preloading 0 native plugins for Editor in 0.00 ms.
Mono: successfully reloaded assembly
- Completed reload, in  0.843 seconds
Platform modules already initialized, skipping
Shader 'Universal Render Pipeline/Particles/Lit': fallback shader 'Universal Render Pipeline/Particles/SimpleLit' not found
Refreshing native plugins compatible for Editor in 0.80 ms, found 2 plugins.
Preloading 0 native plugins for Editor in 0.00 ms.
Unloading 4522 Unused Serialized files (Serialized files now loaded: 0)
System memory in use before: 179.3 MB.
System memory in use after: 179.4 MB.

Unloading 17 unused Assets to reduce memory usage. Loaded Objects now: 5162.
Total: 2.620200 ms (FindLiveObjects: 0.367900 ms CreateObjectMapping: 0.133000 ms MarkObjects: 2.034700 ms  DeleteObjects: 0.083700 ms)

========================================================================
Received Prepare
Registering precompiled user dll's ...
Registered in 0.002825 seconds.
Begin MonoManager ReloadAssembly
Native extension for WindowsStandalone target not found
Native extension for WebGL target not found
Refreshing native plugins compatible for Editor in 0.75 ms, found 2 plugins.
Preloading 0 native plugins for Editor in 0.00 ms.
Mono: successfully reloaded assembly
- Completed reload, in  0.837 seconds
Platform modules already initialized, skipping
Shader 'Universal Render Pipeline/Particles/Lit': fallback shader 'Universal Render Pipeline/Particles/SimpleLit' not found
Refreshing native plugins compatible for Editor in 0.76 ms, found 2 plugins.
Preloading 0 native plugins for Editor in 0.00 ms.
Unloading 4522 Unused Serialized files (Serialized files now loaded: 0)
System memory in use before: 179.3 MB.
System memory in use after: 179.4 MB.

Unloading 17 unused Assets to reduce memory usage. Loaded Objects now: 5166.
Total: 2.755700 ms (FindLiveObjects: 0.346600 ms CreateObjectMapping: 0.133500 ms MarkObjects: 2.171600 ms  DeleteObjects: 0.103000 ms)

========================================================================
Received Prepare
Registering precompiled user dll's ...
Registered in 0.003030 seconds.
Begin MonoManager ReloadAssembly
Native extension for WindowsStandalone target not found
Native extension for WebGL target not found
Refreshing native plugins compatible for Editor in 0.78 ms, found 2 plugins.
Preloading 0 native plugins for Editor in 0.00 ms.
Mono: successfully reloaded assembly
- Completed reload, in  0.841 seconds
Platform modules already initialized, skipping
Shader 'Universal Render Pipeline/Particles/Lit': fallback shader 'Universal Render Pipeline/Particles/SimpleLit' not found
Refreshing native plugins compatible for Editor in 0.78 ms, found 2 plugins.
Preloading 0 native plugins for Editor in 0.00 ms.
Unloading 4522 Unused Serialized files (Serialized files now loaded: 0)
System memory in use before: 179.3 MB.
System memory in use after: 179.4 MB.

Unloading 17 unused Assets to reduce memory usage. Loaded Objects now: 5170.
Total: 2.723000 ms (FindLiveObjects: 0.310700 ms CreateObjectMapping: 0.113600 ms MarkObjects: 2.203000 ms  DeleteObjects: 0.095000 ms)

========================================================================
Received Prepare
Registering precompiled user dll's ...
Registered in 0.002859 seconds.
Begin MonoManager ReloadAssembly
Native extension for WindowsStandalone target not found
Native extension for WebGL target not found
Refreshing native plugins compatible for Editor in 0.77 ms, found 2 plugins.
Preloading 0 native plugins for Editor in 0.00 ms.
Mono: successfully reloaded assembly
- Completed reload, in  0.869 seconds
Platform modules already initialized, skipping
Shader 'Universal Render Pipeline/Particles/Lit': fallback shader 'Universal Render Pipeline/Particles/SimpleLit' not found
Refreshing native plugins compatible for Editor in 0.84 ms, found 2 plugins.
Preloading 0 native plugins for Editor in 0.00 ms.
Unloading 4522 Unused Serialized files (Serialized files now loaded: 0)
System memory in use before: 179.3 MB.
System memory in use after: 179.4 MB.

Unloading 17 unused Assets to reduce memory usage. Loaded Objects now: 5174.
Total: 2.668400 ms (FindLiveObjects: 0.397600 ms CreateObjectMapping: 0.134700 ms MarkObjects: 2.039500 ms  DeleteObjects: 0.095600 ms)

========================================================================
Received Prepare
Registering precompiled user dll's ...
Registered in 0.002856 seconds.
Begin MonoManager ReloadAssembly
Native extension for WindowsStandalone target not found
Native extension for WebGL target not found
Refreshing native plugins compatible for Editor in 0.78 ms, found 2 plugins.
Preloading 0 native plugins for Editor in 0.00 ms.
Mono: successfully reloaded assembly
- Completed reload, in  0.853 seconds
Platform modules already initialized, skipping
Shader 'Universal Render Pipeline/Particles/Lit': fallback shader 'Universal Render Pipeline/Particles/SimpleLit' not found
Refreshing native plugins compatible for Editor in 0.76 ms, found 2 plugins.
Preloading 0 native plugins for Editor in 0.00 ms.
Unloading 4522 Unused Serialized files (Serialized files now loaded: 0)
System memory in use before: 179.3 MB.
System memory in use after: 179.4 MB.

Unloading 17 unused Assets to reduce memory usage. Loaded Objects now: 5178.
Total: 2.832400 ms (FindLiveObjects: 0.380000 ms CreateObjectMapping: 0.132800 ms MarkObjects: 2.226800 ms  DeleteObjects: 0.091900 ms)

========================================================================
Received Prepare
Registering precompiled user dll's ...
Registered in 0.002825 seconds.
Begin MonoManager ReloadAssembly
Native extension for WindowsStandalone target not found
Native extension for WebGL target not found
Refreshing native plugins compatible for Editor in 0.77 ms, found 2 plugins.
Preloading 0 native plugins for Editor in 0.00 ms.
Mono: successfully reloaded assembly
- Completed reload, in  0.851 seconds
Platform modules already initialized, skipping
Shader 'Universal Render Pipeline/Particles/Lit': fallback shader 'Universal Render Pipeline/Particles/SimpleLit' not found
Refreshing native plugins compatible for Editor in 0.87 ms, found 2 plugins.
Preloading 0 native plugins for Editor in 0.00 ms.
Unloading 4522 Unused Serialized files (Serialized files now loaded: 0)
System memory in use before: 179.3 MB.
System memory in use after: 179.4 MB.

Unloading 17 unused Assets to reduce memory usage. Loaded Objects now: 5182.
Total: 3.609100 ms (FindLiveObjects: 0.517300 ms CreateObjectMapping: 0.126500 ms MarkObjects: 2.863100 ms  DeleteObjects: 0.100900 ms)

========================================================================
Received Prepare
Registering precompiled user dll's ...
Registered in 0.002848 seconds.
Begin MonoManager ReloadAssembly
Native extension for WindowsStandalone target not found
Native extension for WebGL target not found
Refreshing native plugins compatible for Editor in 0.77 ms, found 2 plugins.
Preloading 0 native plugins for Editor in 0.00 ms.
Mono: successfully reloaded assembly
- Completed reload, in  0.887 seconds
Platform modules already initialized, skipping
Shader 'Universal Render Pipeline/Particles/Lit': fallback shader 'Universal Render Pipeline/Particles/SimpleLit' not found
Refreshing native plugins compatible for Editor in 1.02 ms, found 2 plugins.
Preloading 0 native plugins for Editor in 0.00 ms.
Unloading 4522 Unused Serialized files (Serialized files now loaded: 0)
System memory in use before: 179.4 MB.
System memory in use after: 179.5 MB.

Unloading 17 unused Assets to reduce memory usage. Loaded Objects now: 5186.
Total: 3.148900 ms (FindLiveObjects: 0.513800 ms CreateObjectMapping: 0.156400 ms MarkObjects: 2.372300 ms  DeleteObjects: 0.105400 ms)

========================================================================
Received Prepare
Registering precompiled user dll's ...
Registered in 0.002856 seconds.
Begin MonoManager ReloadAssembly
Native extension for WindowsStandalone target not found
Native extension for WebGL target not found
Refreshing native plugins compatible for Editor in 0.91 ms, found 2 plugins.
Preloading 0 native plugins for Editor in 0.00 ms.
Mono: successfully reloaded assembly
- Completed reload, in  0.839 seconds
Platform modules already initialized, skipping
Shader 'Universal Render Pipeline/Particles/Lit': fallback shader 'Universal Render Pipeline/Particles/SimpleLit' not found
Refreshing native plugins compatible for Editor in 0.77 ms, found 2 plugins.
Preloading 0 native plugins for Editor in 0.00 ms.
Unloading 4522 Unused Serialized files (Serialized files now loaded: 0)
System memory in use before: 179.4 MB.
System memory in use after: 179.5 MB.

Unloading 17 unused Assets to reduce memory usage. Loaded Objects now: 5190.
Total: 2.571000 ms (FindLiveObjects: 0.333600 ms CreateObjectMapping: 0.135600 ms MarkObjects: 2.017400 ms  DeleteObjects: 0.083800 ms)

========================================================================
Received Import Request.
  Time since last request: 136.326643 seconds.
  path: Assets/Scenes/Menu.unity
  artifactKey: Guid(ff544dd6f4525d14bb2d1b791725a5f3) Importer(815301076,1909f56bfc062723c751e8b465ee728b)
Start importing Assets/Scenes/Menu.unity using Guid(ff544dd6f4525d14bb2d1b791725a5f3) Importer(815301076,1909f56bfc062723c751e8b465ee728b)  -> (artifact id: '100e65d1d2998a62566b0de755a8519e') in 0.014897 seconds 
========================================================================
Received Prepare
Registering precompiled user dll's ...
Registered in 0.002804 seconds.
Begin MonoManager ReloadAssembly
Native extension for WindowsStandalone target not found
Native extension for WebGL target not found
Refreshing native plugins compatible for Editor in 0.81 ms, found 2 plugins.
Preloading 0 native plugins for Editor in 0.00 ms.
Mono: successfully reloaded assembly
- Completed reload, in  0.828 seconds
Platform modules already initialized, skipping
Shader 'Universal Render Pipeline/Particles/Lit': fallback shader 'Universal Render Pipeline/Particles/SimpleLit' not found
Refreshing native plugins compatible for Editor in 0.77 ms, found 2 plugins.
Preloading 0 native plugins for Editor in 0.00 ms.
Unloading 4522 Unused Serialized files (Serialized files now loaded: 0)
System memory in use before: 179.4 MB.
System memory in use after: 179.5 MB.

Unloading 17 unused Assets to reduce memory usage. Loaded Objects now: 5194.
Total: 2.689300 ms (FindLiveObjects: 0.397900 ms CreateObjectMapping: 0.137400 ms MarkObjects: 2.057600 ms  DeleteObjects: 0.095400 ms)

========================================================================
Received Prepare
Registering precompiled user dll's ...
Registered in 0.002802 seconds.
Begin MonoManager ReloadAssembly
Native extension for WindowsStandalone target not found
Native extension for WebGL target not found
Refreshing native plugins compatible for Editor in 0.77 ms, found 2 plugins.
Preloading 0 native plugins for Editor in 0.00 ms.
Mono: successfully reloaded assembly
- Completed reload, in  0.840 seconds
Platform modules already initialized, skipping
Shader 'Universal Render Pipeline/Particles/Lit': fallback shader 'Universal Render Pipeline/Particles/SimpleLit' not found
Refreshing native plugins compatible for Editor in 0.79 ms, found 2 plugins.
Preloading 0 native plugins for Editor in 0.00 ms.
Unloading 4522 Unused Serialized files (Serialized files now loaded: 0)
System memory in use before: 179.4 MB.
System memory in use after: 179.5 MB.

Unloading 17 unused Assets to reduce memory usage. Loaded Objects now: 5198.
Total: 2.882500 ms (FindLiveObjects: 0.403100 ms CreateObjectMapping: 0.102900 ms MarkObjects: 2.274400 ms  DeleteObjects: 0.101000 ms)

========================================================================
Received Import Request.
  Time since last request: 135.614963 seconds.
  path: Assets/166158__deleted-user-2104797__slurp.wav
  artifactKey: Guid(b8e03c6eb74d7074a8ff5e1e55077591) Importer(815301076,1909f56bfc062723c751e8b465ee728b)
Start importing Assets/166158__deleted-user-2104797__slurp.wav using Guid(b8e03c6eb74d7074a8ff5e1e55077591) Importer(815301076,1909f56bfc062723c751e8b465ee728b)  -> (artifact id: 'd704730d3f5583faa0ed9c9d10d7d3b9') in 0.035421 seconds 
========================================================================
Received Prepare
Registering precompiled user dll's ...
Registered in 0.002886 seconds.
Begin MonoManager ReloadAssembly
Native extension for WindowsStandalone target not found
Native extension for WebGL target not found
Refreshing native plugins compatible for Editor in 0.84 ms, found 2 plugins.
Preloading 0 native plugins for Editor in 0.00 ms.
Mono: successfully reloaded assembly
- Completed reload, in  0.862 seconds
Platform modules already initialized, skipping
Shader 'Universal Render Pipeline/Particles/Lit': fallback shader 'Universal Render Pipeline/Particles/SimpleLit' not found
Refreshing native plugins compatible for Editor in 1.00 ms, found 2 plugins.
Preloading 0 native plugins for Editor in 0.00 ms.
Unloading 4522 Unused Serialized files (Serialized files now loaded: 0)
System memory in use before: 179.4 MB.
System memory in use after: 179.5 MB.

Unloading 17 unused Assets to reduce memory usage. Loaded Objects now: 5203.
Total: 2.812100 ms (FindLiveObjects: 0.448000 ms CreateObjectMapping: 0.125500 ms MarkObjects: 2.144200 ms  DeleteObjects: 0.093300 ms)

========================================================================
Received Import Request.
  Time since last request: 33.241576 seconds.
  path: Assets/Scenes/Main.unity
  artifactKey: Guid(a6bcdf8ddb08fa64d8770e80b49883c8) Importer(815301076,1909f56bfc062723c751e8b465ee728b)
Start importing Assets/Scenes/Main.unity using Guid(a6bcdf8ddb08fa64d8770e80b49883c8) Importer(815301076,1909f56bfc062723c751e8b465ee728b)  -> (artifact id: 'd37bb58448fc5139b69848f58d415c03') in 0.015969 seconds 
========================================================================
Received Prepare
Registering precompiled user dll's ...
Registered in 0.002917 seconds.
Begin MonoManager ReloadAssembly
Native extension for WindowsStandalone target not found
Native extension for WebGL target not found
Refreshing native plugins compatible for Editor in 0.76 ms, found 2 plugins.
Preloading 0 native plugins for Editor in 0.00 ms.
Mono: successfully reloaded assembly
- Completed reload, in  0.853 seconds
Platform modules already initialized, skipping
Shader 'Universal Render Pipeline/Particles/Lit': fallback shader 'Universal Render Pipeline/Particles/SimpleLit' not found
Refreshing native plugins compatible for Editor in 0.77 ms, found 2 plugins.
Preloading 0 native plugins for Editor in 0.00 ms.
Unloading 4522 Unused Serialized files (Serialized files now loaded: 0)
System memory in use before: 179.4 MB.
System memory in use after: 179.6 MB.

Unloading 17 unused Assets to reduce memory usage. Loaded Objects now: 5207.
Total: 2.874000 ms (FindLiveObjects: 0.395700 ms CreateObjectMapping: 0.138700 ms MarkObjects: 2.236900 ms  DeleteObjects: 0.101900 ms)

========================================================================
Received Prepare
Registering precompiled user dll's ...
Registered in 0.002812 seconds.
Begin MonoManager ReloadAssembly
Native extension for WindowsStandalone target not found
Native extension for WebGL target not found
Refreshing native plugins compatible for Editor in 0.76 ms, found 2 plugins.
Preloading 0 native plugins for Editor in 0.00 ms.
Mono: successfully reloaded assembly
- Completed reload, in  0.855 seconds
Platform modules already initialized, skipping
Shader 'Universal Render Pipeline/Particles/Lit': fallback shader 'Universal Render Pipeline/Particles/SimpleLit' not found
Refreshing native plugins compatible for Editor in 0.77 ms, found 2 plugins.
Preloading 0 native plugins for Editor in 0.00 ms.
Unloading 4522 Unused Serialized files (Serialized files now loaded: 0)
System memory in use before: 179.4 MB.
System memory in use after: 179.6 MB.

Unloading 17 unused Assets to reduce memory usage. Loaded Objects now: 5211.
Total: 2.554700 ms (FindLiveObjects: 0.356300 ms CreateObjectMapping: 0.115500 ms MarkObjects: 1.998600 ms  DeleteObjects: 0.083400 ms)

========================================================================
Received Prepare
Registering precompiled user dll's ...
Registered in 0.002774 seconds.
Begin MonoManager ReloadAssembly
Native extension for WindowsStandalone target not found
Native extension for WebGL target not found
Refreshing native plugins compatible for Editor in 1.14 ms, found 2 plugins.
Preloading 0 native plugins for Editor in 0.00 ms.
Mono: successfully reloaded assembly
- Completed reload, in  0.858 seconds
Platform modules already initialized, skipping
Shader 'Universal Render Pipeline/Particles/Lit': fallback shader 'Universal Render Pipeline/Particles/SimpleLit' not found
Refreshing native plugins compatible for Editor in 0.91 ms, found 2 plugins.
Preloading 0 native plugins for Editor in 0.00 ms.
Unloading 4522 Unused Serialized files (Serialized files now loaded: 0)
System memory in use before: 179.4 MB.
System memory in use after: 179.6 MB.

Unloading 17 unused Assets to reduce memory usage. Loaded Objects now: 5215.
Total: 3.090300 ms (FindLiveObjects: 0.469500 ms CreateObjectMapping: 0.125200 ms MarkObjects: 2.398600 ms  DeleteObjects: 0.095600 ms)

========================================================================
Received Import Request.
  Time since last request: 51.610825 seconds.
  path: Assets/Scenes/Menu.unity
  artifactKey: Guid(ff544dd6f4525d14bb2d1b791725a5f3) Importer(815301076,1909f56bfc062723c751e8b465ee728b)
Start importing Assets/Scenes/Menu.unity using Guid(ff544dd6f4525d14bb2d1b791725a5f3) Importer(815301076,1909f56bfc062723c751e8b465ee728b)  -> (artifact id: '1c1e8a6b56a272c56dafc8c2408ddd8d') in 0.012515 seconds 
========================================================================
Received Prepare
Registering precompiled user dll's ...
Registered in 0.002889 seconds.
Begin MonoManager ReloadAssembly
Native extension for WindowsStandalone target not found
Native extension for WebGL target not found
Refreshing native plugins compatible for Editor in 0.79 ms, found 2 plugins.
Preloading 0 native plugins for Editor in 0.00 ms.
Mono: successfully reloaded assembly
- Completed reload, in  0.826 seconds
Platform modules already initialized, skipping
Shader 'Universal Render Pipeline/Particles/Lit': fallback shader 'Universal Render Pipeline/Particles/SimpleLit' not found
Refreshing native plugins compatible for Editor in 0.79 ms, found 2 plugins.
Preloading 0 native plugins for Editor in 0.00 ms.
Unloading 4522 Unused Serialized files (Serialized files now loaded: 0)
System memory in use before: 179.5 MB.
System memory in use after: 179.6 MB.

Unloading 17 unused Assets to reduce memory usage. Loaded Objects now: 5219.
Total: 2.636600 ms (FindLiveObjects: 0.357400 ms CreateObjectMapping: 0.118500 ms MarkObjects: 2.063600 ms  DeleteObjects: 0.096300 ms)

========================================================================
Received Prepare
Registering precompiled user dll's ...
Registered in 0.002989 seconds.
Begin MonoManager ReloadAssembly
Native extension for WindowsStandalone target not found
Native extension for WebGL target not found
Refreshing native plugins compatible for Editor in 0.82 ms, found 2 plugins.
Preloading 0 native plugins for Editor in 0.00 ms.
Mono: successfully reloaded assembly
- Completed reload, in  0.886 seconds
Platform modules already initialized, skipping
Shader 'Universal Render Pipeline/Particles/Lit': fallback shader 'Universal Render Pipeline/Particles/SimpleLit' not found
Refreshing native plugins compatible for Editor in 0.78 ms, found 2 plugins.
Preloading 0 native plugins for Editor in 0.00 ms.
Unloading 4522 Unused Serialized files (Serialized files now loaded: 0)
System memory in use before: 179.5 MB.
System memory in use after: 179.6 MB.

Unloading 17 unused Assets to reduce memory usage. Loaded Objects now: 5223.
Total: 2.614400 ms (FindLiveObjects: 0.350500 ms CreateObjectMapping: 0.133500 ms MarkObjects: 2.046300 ms  DeleteObjects: 0.083000 ms)

========================================================================
Received Prepare
Registering precompiled user dll's ...
Registered in 0.002952 seconds.
Begin MonoManager ReloadAssembly
Native extension for WindowsStandalone target not found
Native extension for WebGL target not found
Refreshing native plugins compatible for Editor in 0.76 ms, found 2 plugins.
Preloading 0 native plugins for Editor in 0.00 ms.
Mono: successfully reloaded assembly
- Completed reload, in  0.849 seconds
Platform modules already initialized, skipping
Shader 'Universal Render Pipeline/Particles/Lit': fallback shader 'Universal Render Pipeline/Particles/SimpleLit' not found
Refreshing native plugins compatible for Editor in 0.76 ms, found 2 plugins.
Preloading 0 native plugins for Editor in 0.00 ms.
Unloading 4522 Unused Serialized files (Serialized files now loaded: 0)
System memory in use before: 179.5 MB.
System memory in use after: 179.6 MB.

Unloading 17 unused Assets to reduce memory usage. Loaded Objects now: 5227.
Total: 2.997500 ms (FindLiveObjects: 0.473300 ms CreateObjectMapping: 0.123500 ms MarkObjects: 2.288000 ms  DeleteObjects: 0.111800 ms)

========================================================================
Received Prepare
Registering precompiled user dll's ...
Registered in 0.003067 seconds.
Begin MonoManager ReloadAssembly
Native extension for WindowsStandalone target not found
Native extension for WebGL target not found
Refreshing native plugins compatible for Editor in 0.75 ms, found 2 plugins.
Preloading 0 native plugins for Editor in 0.00 ms.
Mono: successfully reloaded assembly
- Completed reload, in  0.835 seconds
Platform modules already initialized, skipping
Shader 'Universal Render Pipeline/Particles/Lit': fallback shader 'Universal Render Pipeline/Particles/SimpleLit' not found
Refreshing native plugins compatible for Editor in 0.76 ms, found 2 plugins.
Preloading 0 native plugins for Editor in 0.00 ms.
Unloading 4522 Unused Serialized files (Serialized files now loaded: 0)
System memory in use before: 179.5 MB.
System memory in use after: 179.6 MB.

Unloading 17 unused Assets to reduce memory usage. Loaded Objects now: 5231.
Total: 2.676000 ms (FindLiveObjects: 0.342200 ms CreateObjectMapping: 0.140800 ms MarkObjects: 2.097600 ms  DeleteObjects: 0.094500 ms)

========================================================================
Received Import Request.
  Time since last request: 261.183172 seconds.
  path: Assets/Scenes/Main.unity
  artifactKey: Guid(a6bcdf8ddb08fa64d8770e80b49883c8) Importer(815301076,1909f56bfc062723c751e8b465ee728b)
Start importing Assets/Scenes/Main.unity using Guid(a6bcdf8ddb08fa64d8770e80b49883c8) Importer(815301076,1909f56bfc062723c751e8b465ee728b)  -> (artifact id: '875927537e28cc64687306d6f382bc38') in 0.011624 seconds 
========================================================================
Received Prepare
Registering precompiled user dll's ...
Registered in 0.002766 seconds.
Begin MonoManager ReloadAssembly
Native extension for WindowsStandalone target not found
Native extension for WebGL target not found
Refreshing native plugins compatible for Editor in 0.77 ms, found 2 plugins.
Preloading 0 native plugins for Editor in 0.00 ms.
Mono: successfully reloaded assembly
- Completed reload, in  0.871 seconds
Platform modules already initialized, skipping
Shader 'Universal Render Pipeline/Particles/Lit': fallback shader 'Universal Render Pipeline/Particles/SimpleLit' not found
Refreshing native plugins compatible for Editor in 1.19 ms, found 2 plugins.
Preloading 0 native plugins for Editor in 0.00 ms.
Unloading 4522 Unused Serialized files (Serialized files now loaded: 0)
System memory in use before: 179.5 MB.
System memory in use after: 179.6 MB.

Unloading 17 unused Assets to reduce memory usage. Loaded Objects now: 5235.
Total: 2.659900 ms (FindLiveObjects: 0.437500 ms CreateObjectMapping: 0.122500 ms MarkObjects: 2.009400 ms  DeleteObjects: 0.089700 ms)

========================================================================
Received Prepare
Registering precompiled user dll's ...
Registered in 0.002803 seconds.
Begin MonoManager ReloadAssembly
Native extension for WindowsStandalone target not found
Native extension for WebGL target not found
Refreshing native plugins compatible for Editor in 0.76 ms, found 2 plugins.
Preloading 0 native plugins for Editor in 0.00 ms.
Mono: successfully reloaded assembly
- Completed reload, in  0.863 seconds
Platform modules already initialized, skipping
Shader 'Universal Render Pipeline/Particles/Lit': fallback shader 'Universal Render Pipeline/Particles/SimpleLit' not found
Refreshing native plugins compatible for Editor in 0.83 ms, found 2 plugins.
Preloading 0 native plugins for Editor in 0.00 ms.
Unloading 4522 Unused Serialized files (Serialized files now loaded: 0)
System memory in use before: 179.5 MB.
System memory in use after: 179.6 MB.

Unloading 17 unused Assets to reduce memory usage. Loaded Objects now: 5239.
Total: 2.880200 ms (FindLiveObjects: 0.371100 ms CreateObjectMapping: 0.134600 ms MarkObjects: 2.272400 ms  DeleteObjects: 0.101000 ms)

========================================================================
Received Prepare
Registering precompiled user dll's ...
Registered in 0.002930 seconds.
Begin MonoManager ReloadAssembly
Native extension for WindowsStandalone target not found
Native extension for WebGL target not found
Refreshing native plugins compatible for Editor in 0.81 ms, found 2 plugins.
Preloading 0 native plugins for Editor in 0.00 ms.
Mono: successfully reloaded assembly
- Completed reload, in  0.858 seconds
Platform modules already initialized, skipping
Shader 'Universal Render Pipeline/Particles/Lit': fallback shader 'Universal Render Pipeline/Particles/SimpleLit' not found
Refreshing native plugins compatible for Editor in 0.85 ms, found 2 plugins.
Preloading 0 native plugins for Editor in 0.00 ms.
Unloading 4522 Unused Serialized files (Serialized files now loaded: 0)
System memory in use before: 179.5 MB.
System memory in use after: 179.7 MB.

Unloading 17 unused Assets to reduce memory usage. Loaded Objects now: 5243.
Total: 2.907300 ms (FindLiveObjects: 0.408600 ms CreateObjectMapping: 0.124000 ms MarkObjects: 2.278500 ms  DeleteObjects: 0.095400 ms)

========================================================================
Received Prepare
Registering precompiled user dll's ...
Registered in 0.002839 seconds.
Begin MonoManager ReloadAssembly
Native extension for WindowsStandalone target not found
Native extension for WebGL target not found
Refreshing native plugins compatible for Editor in 0.79 ms, found 2 plugins.
Preloading 0 native plugins for Editor in 0.00 ms.
Mono: successfully reloaded assembly
- Completed reload, in  0.872 seconds
Platform modules already initialized, skipping
Shader 'Universal Render Pipeline/Particles/Lit': fallback shader 'Universal Render Pipeline/Particles/SimpleLit' not found
Refreshing native plugins compatible for Editor in 0.81 ms, found 2 plugins.
Preloading 0 native plugins for Editor in 0.00 ms.
Unloading 4522 Unused Serialized files (Serialized files now loaded: 0)
System memory in use before: 179.5 MB.
System memory in use after: 179.7 MB.

Unloading 17 unused Assets to reduce memory usage. Loaded Objects now: 5247.
Total: 3.070500 ms (FindLiveObjects: 0.473000 ms CreateObjectMapping: 0.125200 ms MarkObjects: 2.365000 ms  DeleteObjects: 0.106400 ms)

========================================================================
Received Prepare
Registering precompiled user dll's ...
Registered in 0.002846 seconds.
Begin MonoManager ReloadAssembly
Native extension for WindowsStandalone target not found
Native extension for WebGL target not found
Refreshing native plugins compatible for Editor in 0.76 ms, found 2 plugins.
Preloading 0 native plugins for Editor in 0.00 ms.
Mono: successfully reloaded assembly
- Completed reload, in  0.838 seconds
Platform modules already initialized, skipping
Shader 'Universal Render Pipeline/Particles/Lit': fallback shader 'Universal Render Pipeline/Particles/SimpleLit' not found
Refreshing native plugins compatible for Editor in 0.86 ms, found 2 plugins.
Preloading 0 native plugins for Editor in 0.00 ms.
Unloading 4522 Unused Serialized files (Serialized files now loaded: 0)
System memory in use before: 179.5 MB.
System memory in use after: 179.7 MB.

Unloading 17 unused Assets to reduce memory usage. Loaded Objects now: 5251.
Total: 2.519800 ms (FindLiveObjects: 0.335400 ms CreateObjectMapping: 0.104000 ms MarkObjects: 1.993400 ms  DeleteObjects: 0.086200 ms)

========================================================================
Received Import Request.
  Time since last request: 305.276913 seconds.
  path: Assets/Scenes/Main.unity
  artifactKey: Guid(a6bcdf8ddb08fa64d8770e80b49883c8) Importer(815301076,1909f56bfc062723c751e8b465ee728b)
Start importing Assets/Scenes/Main.unity using Guid(a6bcdf8ddb08fa64d8770e80b49883c8) Importer(815301076,1909f56bfc062723c751e8b465ee728b)  -> (artifact id: 'a224f407a64d0650065e470135110d3f') in 0.015282 seconds 
========================================================================
Received Prepare
Registering precompiled user dll's ...
Registered in 0.002705 seconds.
Begin MonoManager ReloadAssembly
Native extension for WindowsStandalone target not found
Native extension for WebGL target not found
Refreshing native plugins compatible for Editor in 0.82 ms, found 2 plugins.
Preloading 0 native plugins for Editor in 0.00 ms.
Mono: successfully reloaded assembly
- Completed reload, in  0.846 seconds
Platform modules already initialized, skipping
Shader 'Universal Render Pipeline/Particles/Lit': fallback shader 'Universal Render Pipeline/Particles/SimpleLit' not found
Refreshing native plugins compatible for Editor in 0.91 ms, found 2 plugins.
Preloading 0 native plugins for Editor in 0.00 ms.
Unloading 4522 Unused Serialized files (Serialized files now loaded: 0)
System memory in use before: 179.5 MB.
System memory in use after: 179.7 MB.

Unloading 17 unused Assets to reduce memory usage. Loaded Objects now: 5255.
Total: 3.239900 ms (FindLiveObjects: 0.440200 ms CreateObjectMapping: 0.121100 ms MarkObjects: 2.571500 ms  DeleteObjects: 0.105800 ms)

========================================================================
Received Prepare
Registering precompiled user dll's ...
Registered in 0.002722 seconds.
Begin MonoManager ReloadAssembly
Native extension for WindowsStandalone target not found
Native extension for WebGL target not found
Refreshing native plugins compatible for Editor in 0.88 ms, found 2 plugins.
Preloading 0 native plugins for Editor in 0.00 ms.
Mono: successfully reloaded assembly
- Completed reload, in  0.833 seconds
Platform modules already initialized, skipping
Shader 'Universal Render Pipeline/Particles/Lit': fallback shader 'Universal Render Pipeline/Particles/SimpleLit' not found
Refreshing native plugins compatible for Editor in 0.77 ms, found 2 plugins.
Preloading 0 native plugins for Editor in 0.00 ms.
Unloading 4522 Unused Serialized files (Serialized files now loaded: 0)
System memory in use before: 179.5 MB.
System memory in use after: 179.7 MB.

Unloading 17 unused Assets to reduce memory usage. Loaded Objects now: 5259.
Total: 2.498900 ms (FindLiveObjects: 0.329200 ms CreateObjectMapping: 0.115200 ms MarkObjects: 1.969100 ms  DeleteObjects: 0.084700 ms)

========================================================================
Received Import Request.
  Time since last request: 133.850688 seconds.
  path: Assets/Anim/CameraSwitchDimension3.anim
  artifactKey: Guid(ab2fb4838483a624f9d67656b8b27884) Importer(815301076,1909f56bfc062723c751e8b465ee728b)
Start importing Assets/Anim/CameraSwitchDimension3.anim using Guid(ab2fb4838483a624f9d67656b8b27884) Importer(815301076,1909f56bfc062723c751e8b465ee728b)  -> (artifact id: 'c0d10495333a85f7e4f3b8b1bd506394') in 0.019914 seconds 
========================================================================
Received Import Request.
  Time since last request: 0.533371 seconds.
  path: Assets/Anim/CameraSwitchDimension2.anim
  artifactKey: Guid(f7e8f80b30299784fbe0e7a1120db878) Importer(815301076,1909f56bfc062723c751e8b465ee728b)
Start importing Assets/Anim/CameraSwitchDimension2.anim using Guid(f7e8f80b30299784fbe0e7a1120db878) Importer(815301076,1909f56bfc062723c751e8b465ee728b)  -> (artifact id: '43821bd921837f92ff7542fcaedddd37') in 0.003741 seconds 
========================================================================
Received Import Request.
  Time since last request: 0.461291 seconds.
  path: Assets/Anim/CameraSwitchDimension.anim
  artifactKey: Guid(5d6d18d47645b264b9c5b3af639ee3db) Importer(815301076,1909f56bfc062723c751e8b465ee728b)
Start importing Assets/Anim/CameraSwitchDimension.anim using Guid(5d6d18d47645b264b9c5b3af639ee3db) Importer(815301076,1909f56bfc062723c751e8b465ee728b)  -> (artifact id: 'bdc304c535134cfa5ee06ce182cdc772') in 0.003907 seconds 
========================================================================
Received Prepare
Registering precompiled user dll's ...
Registered in 0.002745 seconds.
Begin MonoManager ReloadAssembly
Native extension for WindowsStandalone target not found
Native extension for WebGL target not found
Refreshing native plugins compatible for Editor in 0.83 ms, found 2 plugins.
Preloading 0 native plugins for Editor in 0.00 ms.
Mono: successfully reloaded assembly
- Completed reload, in  0.850 seconds
Platform modules already initialized, skipping
Shader 'Universal Render Pipeline/Particles/Lit': fallback shader 'Universal Render Pipeline/Particles/SimpleLit' not found
Refreshing native plugins compatible for Editor in 0.76 ms, found 2 plugins.
Preloading 0 native plugins for Editor in 0.00 ms.
Unloading 4522 Unused Serialized files (Serialized files now loaded: 0)
System memory in use before: 179.6 MB.
System memory in use after: 179.7 MB.

Unloading 17 unused Assets to reduce memory usage. Loaded Objects now: 5263.
Total: 3.013400 ms (FindLiveObjects: 0.340400 ms CreateObjectMapping: 0.115000 ms MarkObjects: 2.460400 ms  DeleteObjects: 0.096500 ms)

========================================================================
Received Prepare
Registering precompiled user dll's ...
Registered in 0.002838 seconds.
Begin MonoManager ReloadAssembly
Native extension for WindowsStandalone target not found
Native extension for WebGL target not found
Refreshing native plugins compatible for Editor in 0.82 ms, found 2 plugins.
Preloading 0 native plugins for Editor in 0.00 ms.
Mono: successfully reloaded assembly
- Completed reload, in  0.895 seconds
Platform modules already initialized, skipping
Shader 'Universal Render Pipeline/Particles/Lit': fallback shader 'Universal Render Pipeline/Particles/SimpleLit' not found
Refreshing native plugins compatible for Editor in 0.86 ms, found 2 plugins.
Preloading 0 native plugins for Editor in 0.00 ms.
Unloading 4522 Unused Serialized files (Serialized files now loaded: 0)
System memory in use before: 179.6 MB.
System memory in use after: 179.7 MB.

Unloading 17 unused Assets to reduce memory usage. Loaded Objects now: 5267.
Total: 3.220000 ms (FindLiveObjects: 0.370900 ms CreateObjectMapping: 0.116000 ms MarkObjects: 2.632000 ms  DeleteObjects: 0.100400 ms)

========================================================================
Received Prepare
Registering precompiled user dll's ...
Registered in 0.002742 seconds.
Begin MonoManager ReloadAssembly
Native extension for WindowsStandalone target not found
Native extension for WebGL target not found
Refreshing native plugins compatible for Editor in 0.77 ms, found 2 plugins.
Preloading 0 native plugins for Editor in 0.00 ms.
Mono: successfully reloaded assembly
- Completed reload, in  0.844 seconds
Platform modules already initialized, skipping
Shader 'Universal Render Pipeline/Particles/Lit': fallback shader 'Universal Render Pipeline/Particles/SimpleLit' not found
Refreshing native plugins compatible for Editor in 0.76 ms, found 2 plugins.
Preloading 0 native plugins for Editor in 0.00 ms.
Unloading 4522 Unused Serialized files (Serialized files now loaded: 0)
System memory in use before: 179.6 MB.
System memory in use after: 179.7 MB.

Unloading 17 unused Assets to reduce memory usage. Loaded Objects now: 5271.
Total: 2.563500 ms (FindLiveObjects: 0.355400 ms CreateObjectMapping: 0.116000 ms MarkObjects: 2.004700 ms  DeleteObjects: 0.086400 ms)

========================================================================
Received Prepare
Registering precompiled user dll's ...
Registered in 0.002861 seconds.
Begin MonoManager ReloadAssembly
Native extension for WindowsStandalone target not found
Native extension for WebGL target not found
Refreshing native plugins compatible for Editor in 0.80 ms, found 2 plugins.
Preloading 0 native plugins for Editor in 0.00 ms.
Mono: successfully reloaded assembly
- Completed reload, in  0.875 seconds
Platform modules already initialized, skipping
Shader 'Universal Render Pipeline/Particles/Lit': fallback shader 'Universal Render Pipeline/Particles/SimpleLit' not found
Refreshing native plugins compatible for Editor in 0.82 ms, found 2 plugins.
Preloading 0 native plugins for Editor in 0.00 ms.
Unloading 4522 Unused Serialized files (Serialized files now loaded: 0)
System memory in use before: 179.6 MB.
System memory in use after: 179.7 MB.

Unloading 17 unused Assets to reduce memory usage. Loaded Objects now: 5275.
Total: 2.887100 ms (FindLiveObjects: 0.356200 ms CreateObjectMapping: 0.136800 ms MarkObjects: 2.283000 ms  DeleteObjects: 0.110300 ms)

========================================================================
Received Prepare
Registering precompiled user dll's ...
Registered in 0.002717 seconds.
Begin MonoManager ReloadAssembly
Native extension for WindowsStandalone target not found
Native extension for WebGL target not found
Refreshing native plugins compatible for Editor in 1.13 ms, found 2 plugins.
Preloading 0 native plugins for Editor in 0.00 ms.
Mono: successfully reloaded assembly
- Completed reload, in  0.827 seconds
Platform modules already initialized, skipping
Shader 'Universal Render Pipeline/Particles/Lit': fallback shader 'Universal Render Pipeline/Particles/SimpleLit' not found
Refreshing native plugins compatible for Editor in 0.76 ms, found 2 plugins.
Preloading 0 native plugins for Editor in 0.00 ms.
Unloading 4522 Unused Serialized files (Serialized files now loaded: 0)
System memory in use before: 179.6 MB.
System memory in use after: 179.7 MB.

Unloading 17 unused Assets to reduce memory usage. Loaded Objects now: 5279.
Total: 2.959900 ms (FindLiveObjects: 0.398200 ms CreateObjectMapping: 0.133100 ms MarkObjects: 2.331700 ms  DeleteObjects: 0.095300 ms)

========================================================================
Received Prepare
Registering precompiled user dll's ...
Registered in 0.002811 seconds.
Begin MonoManager ReloadAssembly
Native extension for WindowsStandalone target not found
Native extension for WebGL target not found
Refreshing native plugins compatible for Editor in 0.82 ms, found 2 plugins.
Preloading 0 native plugins for Editor in 0.00 ms.
Mono: successfully reloaded assembly
- Completed reload, in  0.879 seconds
Platform modules already initialized, skipping
Shader 'Universal Render Pipeline/Particles/Lit': fallback shader 'Universal Render Pipeline/Particles/SimpleLit' not found
Refreshing native plugins compatible for Editor in 0.83 ms, found 2 plugins.
Preloading 0 native plugins for Editor in 0.00 ms.
Unloading 4522 Unused Serialized files (Serialized files now loaded: 0)
System memory in use before: 179.6 MB.
System memory in use after: 179.7 MB.

Unloading 17 unused Assets to reduce memory usage. Loaded Objects now: 5283.
Total: 2.659100 ms (FindLiveObjects: 0.387200 ms CreateObjectMapping: 0.117100 ms MarkObjects: 2.056900 ms  DeleteObjects: 0.097100 ms)

========================================================================
Received Import Request.
  Time since last request: 217.092827 seconds.
  path: Assets/ChangeJuiceColor.cs
  artifactKey: Guid(12a9fdeb5825dcf41a9d2d7928958d5f) Importer(815301076,1909f56bfc062723c751e8b465ee728b)
Start importing Assets/ChangeJuiceColor.cs using Guid(12a9fdeb5825dcf41a9d2d7928958d5f) Importer(815301076,1909f56bfc062723c751e8b465ee728b)  -> (artifact id: 'b1225b5b3da99d5aa9f92d8d4769c47c') in 0.007305 seconds 
========================================================================
Received Prepare
Registering precompiled user dll's ...
Registered in 0.002782 seconds.
Begin MonoManager ReloadAssembly
Native extension for WindowsStandalone target not found
Native extension for WebGL target not found
Refreshing native plugins compatible for Editor in 1.16 ms, found 2 plugins.
Preloading 0 native plugins for Editor in 0.00 ms.
Mono: successfully reloaded assembly
- Completed reload, in  0.881 seconds
Platform modules already initialized, skipping
Shader 'Universal Render Pipeline/Particles/Lit': fallback shader 'Universal Render Pipeline/Particles/SimpleLit' not found
Refreshing native plugins compatible for Editor in 1.14 ms, found 2 plugins.
Preloading 0 native plugins for Editor in 0.00 ms.
Unloading 4522 Unused Serialized files (Serialized files now loaded: 0)
System memory in use before: 179.6 MB.
System memory in use after: 179.8 MB.

Unloading 17 unused Assets to reduce memory usage. Loaded Objects now: 5287.
Total: 3.125500 ms (FindLiveObjects: 0.509200 ms CreateObjectMapping: 0.127200 ms MarkObjects: 2.385500 ms  DeleteObjects: 0.102200 ms)

========================================================================
Received Prepare
Registering precompiled user dll's ...
Registered in 0.002767 seconds.
Begin MonoManager ReloadAssembly
Native extension for WindowsStandalone target not found
Native extension for WebGL target not found
Refreshing native plugins compatible for Editor in 0.87 ms, found 2 plugins.
Preloading 0 native plugins for Editor in 0.00 ms.
Mono: successfully reloaded assembly
- Completed reload, in  0.882 seconds
Platform modules already initialized, skipping
Shader 'Universal Render Pipeline/Particles/Lit': fallback shader 'Universal Render Pipeline/Particles/SimpleLit' not found
Refreshing native plugins compatible for Editor in 0.87 ms, found 2 plugins.
Preloading 0 native plugins for Editor in 0.00 ms.
Unloading 4522 Unused Serialized files (Serialized files now loaded: 0)
System memory in use before: 179.6 MB.
System memory in use after: 179.8 MB.

Unloading 17 unused Assets to reduce memory usage. Loaded Objects now: 5291.
Total: 2.957800 ms (FindLiveObjects: 0.370200 ms CreateObjectMapping: 0.117000 ms MarkObjects: 2.379200 ms  DeleteObjects: 0.090700 ms)

========================================================================
Received Import Request.
  Time since last request: 16.561240 seconds.
  path: Assets/Disturbances.cs
  artifactKey: Guid(19f32719790933d4480a6302407f0b8e) Importer(815301076,1909f56bfc062723c751e8b465ee728b)
Start importing Assets/Disturbances.cs using Guid(19f32719790933d4480a6302407f0b8e) Importer(815301076,1909f56bfc062723c751e8b465ee728b)  -> (artifact id: '6dee91069d8ee4ae6813d22608570d8b') in 0.005745 seconds 
========================================================================
Received Prepare
Registering precompiled user dll's ...
Registered in 0.002789 seconds.
Begin MonoManager ReloadAssembly
Native extension for WindowsStandalone target not found
Native extension for WebGL target not found
Refreshing native plugins compatible for Editor in 0.78 ms, found 2 plugins.
Preloading 0 native plugins for Editor in 0.00 ms.
Mono: successfully reloaded assembly
- Completed reload, in  0.860 seconds
Platform modules already initialized, skipping
Shader 'Universal Render Pipeline/Particles/Lit': fallback shader 'Universal Render Pipeline/Particles/SimpleLit' not found
Refreshing native plugins compatible for Editor in 0.79 ms, found 2 plugins.
Preloading 0 native plugins for Editor in 0.00 ms.
Unloading 4522 Unused Serialized files (Serialized files now loaded: 0)
System memory in use before: 179.6 MB.
System memory in use after: 179.8 MB.

Unloading 17 unused Assets to reduce memory usage. Loaded Objects now: 5295.
Total: 2.634900 ms (FindLiveObjects: 0.376400 ms CreateObjectMapping: 0.136500 ms MarkObjects: 2.035900 ms  DeleteObjects: 0.085300 ms)

========================================================================
Received Import Request.
  Time since last request: 16.219853 seconds.
  path: Assets/Prefabs
  artifactKey: Guid(4a6a5d3817e8d7943ac2f2c44bfd9796) Importer(815301076,1909f56bfc062723c751e8b465ee728b)
Start importing Assets/Prefabs using Guid(4a6a5d3817e8d7943ac2f2c44bfd9796) Importer(815301076,1909f56bfc062723c751e8b465ee728b)  -> (artifact id: '041c406ce7c1e291f9736ff3059987cc') in 0.005661 seconds 
========================================================================
Received Import Request.
  Time since last request: 20.656908 seconds.
  path: Assets/Sounds
  artifactKey: Guid(d976a1c3f7347e643b5bb31124e9ae40) Importer(815301076,1909f56bfc062723c751e8b465ee728b)
Start importing Assets/Sounds using Guid(d976a1c3f7347e643b5bb31124e9ae40) Importer(815301076,1909f56bfc062723c751e8b465ee728b)  -> (artifact id: '02980c63c970daca8053433e1f44f11e') in 0.001434 seconds 
========================================================================
Received Import Request.
  Time since last request: 17.625168 seconds.
  path: Assets/TextMesh Pro
  artifactKey: Guid(f54d1bd14bd3ca042bd867b519fee8cc) Importer(815301076,1909f56bfc062723c751e8b465ee728b)
Start importing Assets/TextMesh Pro using Guid(f54d1bd14bd3ca042bd867b519fee8cc) Importer(815301076,1909f56bfc062723c751e8b465ee728b)  -> (artifact id: '3a9c8d9ea0f025c0a8655f219472e868') in 0.001472 seconds 
========================================================================
Received Import Request.
  Time since last request: 1.278816 seconds.
  path: Assets/Misc/UniversalRenderPipelineAsset_Renderer.asset
  artifactKey: Guid(9609a6bcf0faa104f99bdf69a649212a) Importer(815301076,1909f56bfc062723c751e8b465ee728b)
Start importing Assets/Misc/UniversalRenderPipelineAsset_Renderer.asset using Guid(9609a6bcf0faa104f99bdf69a649212a) Importer(815301076,1909f56bfc062723c751e8b465ee728b)  -> (artifact id: '6aa88240b333e375cf9c878ae2decac8') in 0.010292 seconds 
========================================================================
Received Prepare
Registering precompiled user dll's ...
Registered in 0.002853 seconds.
Begin MonoManager ReloadAssembly
Native extension for WindowsStandalone target not found
Native extension for WebGL target not found
Refreshing native plugins compatible for Editor in 0.83 ms, found 2 plugins.
Preloading 0 native plugins for Editor in 0.00 ms.
Mono: successfully reloaded assembly
- Completed reload, in  0.838 seconds
Platform modules already initialized, skipping
Shader 'Universal Render Pipeline/Particles/Lit': fallback shader 'Universal Render Pipeline/Particles/SimpleLit' not found
Refreshing native plugins compatible for Editor in 0.81 ms, found 2 plugins.
Preloading 0 native plugins for Editor in 0.00 ms.
Unloading 4522 Unused Serialized files (Serialized files now loaded: 0)
System memory in use before: 179.7 MB.
System memory in use after: 179.8 MB.

Unloading 17 unused Assets to reduce memory usage. Loaded Objects now: 5299.
Total: 3.028600 ms (FindLiveObjects: 0.494300 ms CreateObjectMapping: 0.125000 ms MarkObjects: 2.308200 ms  DeleteObjects: 0.100100 ms)

========================================================================
Received Import Request.
  Time since last request: 431.710284 seconds.
  path: Assets/Scripts/FullscreenToggle.cs
  artifactKey: Guid(60a7827e2dc6f884c934e752f1c5031e) Importer(815301076,1909f56bfc062723c751e8b465ee728b)
Start importing Assets/Scripts/FullscreenToggle.cs using Guid(60a7827e2dc6f884c934e752f1c5031e) Importer(815301076,1909f56bfc062723c751e8b465ee728b)  -> (artifact id: '0e59f204c29db08699acc834e5ab9456') in 0.008309 seconds 
========================================================================
Received Prepare
Registering precompiled user dll's ...
Registered in 0.002858 seconds.
Begin MonoManager ReloadAssembly
Native extension for WindowsStandalone target not found
Native extension for WebGL target not found
Refreshing native plugins compatible for Editor in 0.79 ms, found 2 plugins.
Preloading 0 native plugins for Editor in 0.00 ms.
Mono: successfully reloaded assembly
- Completed reload, in  0.861 seconds
Platform modules already initialized, skipping
Shader 'Universal Render Pipeline/Particles/Lit': fallback shader 'Universal Render Pipeline/Particles/SimpleLit' not found
Refreshing native plugins compatible for Editor in 0.81 ms, found 2 plugins.
Preloading 0 native plugins for Editor in 0.00 ms.
Unloading 4523 Unused Serialized files (Serialized files now loaded: 0)
System memory in use before: 179.7 MB.
System memory in use after: 179.8 MB.

Unloading 17 unused Assets to reduce memory usage. Loaded Objects now: 5304.
Total: 2.730900 ms (FindLiveObjects: 0.404700 ms CreateObjectMapping: 0.137300 ms MarkObjects: 2.094400 ms  DeleteObjects: 0.093700 ms)

========================================================================
Received Import Request.
  Time since last request: 26.237514 seconds.
  path: Assets/Scripts/FullscreenToggle.cs
  artifactKey: Guid(60a7827e2dc6f884c934e752f1c5031e) Importer(815301076,1909f56bfc062723c751e8b465ee728b)
Start importing Assets/Scripts/FullscreenToggle.cs using Guid(60a7827e2dc6f884c934e752f1c5031e) Importer(815301076,1909f56bfc062723c751e8b465ee728b)  -> (artifact id: 'e7a5998bf108f445678882341ad26e1f') in 0.006274 seconds 
========================================================================
Received Import Request.
  Time since last request: 3.526357 seconds.
  path: Assets/Scripts/FullscreenToggle.cs
  artifactKey: Guid(60a7827e2dc6f884c934e752f1c5031e) Importer(815301076,1909f56bfc062723c751e8b465ee728b)
Start importing Assets/Scripts/FullscreenToggle.cs using Guid(60a7827e2dc6f884c934e752f1c5031e) Importer(815301076,1909f56bfc062723c751e8b465ee728b)  -> (artifact id: 'a82539680a9dd7486f0f2dfe0fae45bb') in 0.001776 seconds 
========================================================================
Received Prepare
Registering precompiled user dll's ...
Registered in 0.002882 seconds.
Begin MonoManager ReloadAssembly
Native extension for WindowsStandalone target not found
Native extension for WebGL target not found
Refreshing native plugins compatible for Editor in 0.88 ms, found 2 plugins.
Preloading 0 native plugins for Editor in 0.00 ms.
Mono: successfully reloaded assembly
- Completed reload, in  0.888 seconds
Platform modules already initialized, skipping
Shader 'Universal Render Pipeline/Particles/Lit': fallback shader 'Universal Render Pipeline/Particles/SimpleLit' not found
Refreshing native plugins compatible for Editor in 0.95 ms, found 2 plugins.
Preloading 0 native plugins for Editor in 0.00 ms.
Unloading 4523 Unused Serialized files (Serialized files now loaded: 0)
System memory in use before: 179.7 MB.
System memory in use after: 179.8 MB.

Unloading 17 unused Assets to reduce memory usage. Loaded Objects now: 5308.
Total: 2.741500 ms (FindLiveObjects: 0.436900 ms CreateObjectMapping: 0.105700 ms MarkObjects: 2.107100 ms  DeleteObjects: 0.091100 ms)

========================================================================
Received Import Request.
  Time since last request: 16.370256 seconds.
  path: Assets/Scripts/FullscreenToggle.cs
  artifactKey: Guid(60a7827e2dc6f884c934e752f1c5031e) Importer(815301076,1909f56bfc062723c751e8b465ee728b)
Start importing Assets/Scripts/FullscreenToggle.cs using Guid(60a7827e2dc6f884c934e752f1c5031e) Importer(815301076,1909f56bfc062723c751e8b465ee728b)  -> (artifact id: '594fbfad5a79ffc8f6d72a1b7df19c0c') in 0.006301 seconds 
========================================================================
Received Prepare
Registering precompiled user dll's ...
Registered in 0.002912 seconds.
Begin MonoManager ReloadAssembly
Native extension for WindowsStandalone target not found
Native extension for WebGL target not found
Refreshing native plugins compatible for Editor in 0.78 ms, found 2 plugins.
Preloading 0 native plugins for Editor in 0.00 ms.
Mono: successfully reloaded assembly
- Completed reload, in  0.852 seconds
Platform modules already initialized, skipping
Shader 'Universal Render Pipeline/Particles/Lit': fallback shader 'Universal Render Pipeline/Particles/SimpleLit' not found
Refreshing native plugins compatible for Editor in 0.85 ms, found 2 plugins.
Preloading 0 native plugins for Editor in 0.00 ms.
Unloading 4523 Unused Serialized files (Serialized files now loaded: 0)
System memory in use before: 179.7 MB.
System memory in use after: 179.9 MB.

Unloading 17 unused Assets to reduce memory usage. Loaded Objects now: 5312.
Total: 2.921300 ms (FindLiveObjects: 0.371200 ms CreateObjectMapping: 0.115500 ms MarkObjects: 2.333700 ms  DeleteObjects: 0.100100 ms)

========================================================================
Received Prepare
Registering precompiled user dll's ...
Registered in 0.002961 seconds.
Begin MonoManager ReloadAssembly
Native extension for WindowsStandalone target not found
Native extension for WebGL target not found
Refreshing native plugins compatible for Editor in 0.78 ms, found 2 plugins.
Preloading 0 native plugins for Editor in 0.00 ms.
Mono: successfully reloaded assembly
- Completed reload, in  0.845 seconds
Platform modules already initialized, skipping
Shader 'Universal Render Pipeline/Particles/Lit': fallback shader 'Universal Render Pipeline/Particles/SimpleLit' not found
Refreshing native plugins compatible for Editor in 0.80 ms, found 2 plugins.
Preloading 0 native plugins for Editor in 0.00 ms.
Unloading 4523 Unused Serialized files (Serialized files now loaded: 0)
System memory in use before: 179.7 MB.
System memory in use after: 179.9 MB.

Unloading 17 unused Assets to reduce memory usage. Loaded Objects now: 5316.
Total: 2.906200 ms (FindLiveObjects: 0.417100 ms CreateObjectMapping: 0.116800 ms MarkObjects: 2.275400 ms  DeleteObjects: 0.096200 ms)

========================================================================
Received Import Request.
  Time since last request: 166.983124 seconds.
  path: Assets/TextMesh Pro/Sprites/EmojiOne.png
  artifactKey: Guid(dffef66376be4fa480fb02b19edbe903) Importer(815301076,1909f56bfc062723c751e8b465ee728b)
Start importing Assets/TextMesh Pro/Sprites/EmojiOne.png using Guid(dffef66376be4fa480fb02b19edbe903) Importer(815301076,1909f56bfc062723c751e8b465ee728b)  -> (artifact id: 'dbc1b2fb9c3fdec38f6df0f6a9b2637e') in 0.046081 seconds 
========================================================================
Received Import Request.
  Time since last request: 0.000164 seconds.
  path: Assets/TextMesh Pro/Resources/Fonts & Materials/LiberationSans SDF - Fallback.asset
  artifactKey: Guid(2e498d1c8094910479dc3e1b768306a4) Importer(815301076,1909f56bfc062723c751e8b465ee728b)
Start importing Assets/TextMesh Pro/Resources/Fonts & Materials/LiberationSans SDF - Fallback.asset using Guid(2e498d1c8094910479dc3e1b768306a4) Importer(815301076,1909f56bfc062723c751e8b465ee728b)  -> (artifact id: '14e66a4483ec72b408bf3e70c769a054') in 0.139646 seconds 
========================================================================
Received Import Request.
  Time since last request: 0.000202 seconds.
  path: Assets/TextMesh Pro/Resources/Fonts & Materials/LiberationSans SDF.asset
  artifactKey: Guid(8f586378b4e144a9851e7b34d9b748ee) Importer(815301076,1909f56bfc062723c751e8b465ee728b)
Start importing Assets/TextMesh Pro/Resources/Fonts & Materials/LiberationSans SDF.asset using Guid(8f586378b4e144a9851e7b34d9b748ee) Importer(815301076,1909f56bfc062723c751e8b465ee728b)  -> (artifact id: '72ea44f592d1d153ec2f318da2e80268') in 0.027345 seconds 
========================================================================
Received Import Request.
  Time since last request: 11.656997 seconds.
  path: Assets/dimensio.PNG
  artifactKey: Guid(e672e3a65c6948149aeb49f94a3bb8d6) Importer(815301076,1909f56bfc062723c751e8b465ee728b)
Start importing Assets/dimensio.PNG using Guid(e672e3a65c6948149aeb49f94a3bb8d6) Importer(815301076,1909f56bfc062723c751e8b465ee728b)  -> (artifact id: 'a3e9a3ac22d8deb0b706285e93a68724') in 0.022147 seconds 
========================================================================
Received Import Request.
  Time since last request: 66.421050 seconds.
  path: Assets/dicon.PNG
  artifactKey: Guid(e05b6cca73e67f04fb32d86f7c81165e) Importer(815301076,1909f56bfc062723c751e8b465ee728b)
Start importing Assets/dicon.PNG using Guid(e05b6cca73e67f04fb32d86f7c81165e) Importer(815301076,1909f56bfc062723c751e8b465ee728b)  -> (artifact id: 'e67854ffb82ff84690e45f2135fe4e18') in 0.010703 seconds 
========================================================================
Received Import Request.
  Time since last request: 3.174705 seconds.
  path: Assets/dicon.PNG
  artifactKey: Guid(e05b6cca73e67f04fb32d86f7c81165e) Importer(815301076,1909f56bfc062723c751e8b465ee728b)
Start importing Assets/dicon.PNG using Guid(e05b6cca73e67f04fb32d86f7c81165e) Importer(815301076,1909f56bfc062723c751e8b465ee728b)  -> (artifact id: '299e51079c86ed4e94b50f8eb103dcec') in 0.009593 seconds 
========================================================================
Received Import Request.
  Time since last request: 94.509694 seconds.
  path: Assets/dicon.PNG
  artifactKey: Guid(e05b6cca73e67f04fb32d86f7c81165e) Importer(815301076,1909f56bfc062723c751e8b465ee728b)
Start importing Assets/dicon.PNG using Guid(e05b6cca73e67f04fb32d86f7c81165e) Importer(815301076,1909f56bfc062723c751e8b465ee728b)  -> (artifact id: '62e7239870860a60786224382f02acf8') in 0.011094 seconds 
========================================================================
Received Prepare
Registering precompiled user dll's ...
Registered in 0.002789 seconds.
Begin MonoManager ReloadAssembly
Native extension for WindowsStandalone target not found
Native extension for WebGL target not found
Refreshing native plugins compatible for Editor in 0.79 ms, found 2 plugins.
Preloading 0 native plugins for Editor in 0.00 ms.
Mono: successfully reloaded assembly
- Completed reload, in  0.909 seconds
Platform modules already initialized, skipping
Shader 'Universal Render Pipeline/Particles/Lit': fallback shader 'Universal Render Pipeline/Particles/SimpleLit' not found
Refreshing native plugins compatible for Editor in 0.81 ms, found 2 plugins.
Preloading 0 native plugins for Editor in 0.00 ms.
Unloading 4527 Unused Serialized files (Serialized files now loaded: 0)
System memory in use before: 186.7 MB.
System memory in use after: 187.0 MB.

Unloading 17 unused Assets to reduce memory usage. Loaded Objects now: 5506.
Total: 3.232100 ms (FindLiveObjects: 0.462600 ms CreateObjectMapping: 0.122000 ms MarkObjects: 2.550200 ms  DeleteObjects: 0.096300 ms)

========================================================================
Received Prepare
Registering precompiled user dll's ...
Registered in 0.002948 seconds.
Begin MonoManager ReloadAssembly
Native extension for WindowsStandalone target not found
Native extension for WebGL target not found
Refreshing native plugins compatible for Editor in 0.77 ms, found 2 plugins.
Preloading 0 native plugins for Editor in 0.00 ms.
Mono: successfully reloaded assembly
- Completed reload, in  0.894 seconds
Platform modules already initialized, skipping
Shader 'Universal Render Pipeline/Particles/Lit': fallback shader 'Universal Render Pipeline/Particles/SimpleLit' not found
Refreshing native plugins compatible for Editor in 0.80 ms, found 2 plugins.
Preloading 0 native plugins for Editor in 0.00 ms.
Unloading 4523 Unused Serialized files (Serialized files now loaded: 0)
System memory in use before: 186.6 MB.
System memory in use after: 186.9 MB.

Unloading 17 unused Assets to reduce memory usage. Loaded Objects now: 5510.
Total: 2.665700 ms (FindLiveObjects: 0.393800 ms CreateObjectMapping: 0.121300 ms MarkObjects: 2.062500 ms  DeleteObjects: 0.087600 ms)

========================================================================
Received Prepare
Shader 'Universal Render Pipeline/Particles/Lit': fallback shader 'Universal Render Pipeline/Particles/SimpleLit' not found
Refreshing native plugins compatible for Editor in 2.70 ms, found 2 plugins.
Preloading 0 native plugins for Editor in 0.00 ms.
Unloading 15 Unused Serialized files (Serialized files now loaded: 0)
System memory in use before: 97.2 MB.
System memory in use after: 97.6 MB.

Unloading 15 unused Assets to reduce memory usage. Loaded Objects now: 5510.
Total: 2.797900 ms (FindLiveObjects: 0.515200 ms CreateObjectMapping: 0.133000 ms MarkObjects: 2.063800 ms  DeleteObjects: 0.085200 ms)

========================================================================
Received Prepare
Registering precompiled user dll's ...
Registered in 0.002944 seconds.
Begin MonoManager ReloadAssembly
Native extension for WindowsStandalone target not found
Native extension for WebGL target not found
Refreshing native plugins compatible for Editor in 0.78 ms, found 2 plugins.
Preloading 0 native plugins for Editor in 0.00 ms.
Mono: successfully reloaded assembly
- Completed reload, in  0.896 seconds
Platform modules already initialized, skipping
Shader 'Universal Render Pipeline/Particles/Lit': fallback shader 'Universal Render Pipeline/Particles/SimpleLit' not found
Refreshing native plugins compatible for Editor in 0.81 ms, found 2 plugins.
Preloading 0 native plugins for Editor in 0.00 ms.
Unloading 4523 Unused Serialized files (Serialized files now loaded: 0)
System memory in use before: 186.5 MB.
System memory in use after: 186.9 MB.

Unloading 17 unused Assets to reduce memory usage. Loaded Objects now: 5514.
Total: 3.398200 ms (FindLiveObjects: 0.636300 ms CreateObjectMapping: 0.138800 ms MarkObjects: 2.512000 ms  DeleteObjects: 0.110100 ms)

========================================================================
Received Prepare
Registering precompiled user dll's ...
Registered in 0.002806 seconds.
Begin MonoManager ReloadAssembly
Native extension for WindowsStandalone target not found
Native extension for WebGL target not found
Refreshing native plugins compatible for Editor in 0.78 ms, found 2 plugins.
Preloading 0 native plugins for Editor in 0.00 ms.
Mono: successfully reloaded assembly
- Completed reload, in  0.868 seconds
Platform modules already initialized, skipping
Shader 'Universal Render Pipeline/Particles/Lit': fallback shader 'Universal Render Pipeline/Particles/SimpleLit' not found
Refreshing native plugins compatible for Editor in 0.76 ms, found 2 plugins.
Preloading 0 native plugins for Editor in 0.00 ms.
Unloading 4523 Unused Serialized files (Serialized files now loaded: 0)
System memory in use before: 186.5 MB.
System memory in use after: 186.9 MB.

Unloading 17 unused Assets to reduce memory usage. Loaded Objects now: 5518.
Total: 2.672500 ms (FindLiveObjects: 0.371700 ms CreateObjectMapping: 0.122500 ms MarkObjects: 2.090800 ms  DeleteObjects: 0.086800 ms)

========================================================================
Received Prepare
Registering precompiled user dll's ...
Registered in 0.002799 seconds.
Begin MonoManager ReloadAssembly
Native extension for WindowsStandalone target not found
Native extension for WebGL target not found
Refreshing native plugins compatible for Editor in 0.76 ms, found 2 plugins.
Preloading 0 native plugins for Editor in 0.00 ms.
Mono: successfully reloaded assembly
- Completed reload, in  0.891 seconds
Platform modules already initialized, skipping
Shader 'Universal Render Pipeline/Particles/Lit': fallback shader 'Universal Render Pipeline/Particles/SimpleLit' not found
Refreshing native plugins compatible for Editor in 1.14 ms, found 2 plugins.
Preloading 0 native plugins for Editor in 0.00 ms.
Unloading 4523 Unused Serialized files (Serialized files now loaded: 0)
System memory in use before: 186.5 MB.
System memory in use after: 186.9 MB.

Unloading 17 unused Assets to reduce memory usage. Loaded Objects now: 5522.
Total: 2.849200 ms (FindLiveObjects: 0.415100 ms CreateObjectMapping: 0.121000 ms MarkObjects: 2.206500 ms  DeleteObjects: 0.105200 ms)

========================================================================
Received Prepare
Registering precompiled user dll's ...
Registered in 0.002808 seconds.
Begin MonoManager ReloadAssembly
Native extension for WindowsStandalone target not found
Native extension for WebGL target not found
Refreshing native plugins compatible for Editor in 0.76 ms, found 2 plugins.
Preloading 0 native plugins for Editor in 0.00 ms.
Mono: successfully reloaded assembly
- Completed reload, in  0.872 seconds
Platform modules already initialized, skipping
Shader 'Universal Render Pipeline/Particles/Lit': fallback shader 'Universal Render Pipeline/Particles/SimpleLit' not found
Refreshing native plugins compatible for Editor in 0.77 ms, found 2 plugins.
Preloading 0 native plugins for Editor in 0.00 ms.
Unloading 4523 Unused Serialized files (Serialized files now loaded: 0)
System memory in use before: 186.6 MB.
System memory in use after: 186.9 MB.

Unloading 17 unused Assets to reduce memory usage. Loaded Objects now: 5526.
Total: 3.130200 ms (FindLiveObjects: 0.495200 ms CreateObjectMapping: 0.120300 ms MarkObjects: 2.416100 ms  DeleteObjects: 0.097600 ms)

========================================================================
Received Prepare
Registering precompiled user dll's ...
Registered in 0.002779 seconds.
Begin MonoManager ReloadAssembly
Native extension for WindowsStandalone target not found
Native extension for WebGL target not found
Refreshing native plugins compatible for Editor in 0.77 ms, found 2 plugins.
Preloading 0 native plugins for Editor in 0.00 ms.
Mono: successfully reloaded assembly
- Completed reload, in  0.870 seconds
Platform modules already initialized, skipping
Shader 'Universal Render Pipeline/Particles/Lit': fallback shader 'Universal Render Pipeline/Particles/SimpleLit' not found
Refreshing native plugins compatible for Editor in 0.81 ms, found 2 plugins.
Preloading 0 native plugins for Editor in 0.00 ms.
Unloading 4523 Unused Serialized files (Serialized files now loaded: 0)
System memory in use before: 186.6 MB.
System memory in use after: 186.9 MB.

Unloading 17 unused Assets to reduce memory usage. Loaded Objects now: 5530.
Total: 3.232100 ms (FindLiveObjects: 0.540800 ms CreateObjectMapping: 0.141400 ms MarkObjects: 2.444700 ms  DeleteObjects: 0.104400 ms)

========================================================================
Received Prepare
Registering precompiled user dll's ...
Registered in 0.002811 seconds.
Begin MonoManager ReloadAssembly
Native extension for WindowsStandalone target not found
Native extension for WebGL target not found
Refreshing native plugins compatible for Editor in 0.78 ms, found 2 plugins.
Preloading 0 native plugins for Editor in 0.00 ms.
Mono: successfully reloaded assembly
- Completed reload, in  0.872 seconds
Platform modules already initialized, skipping
Shader 'Universal Render Pipeline/Particles/Lit': fallback shader 'Universal Render Pipeline/Particles/SimpleLit' not found
Refreshing native plugins compatible for Editor in 0.80 ms, found 2 plugins.
Preloading 0 native plugins for Editor in 0.00 ms.
Unloading 4523 Unused Serialized files (Serialized files now loaded: 0)
System memory in use before: 186.6 MB.
System memory in use after: 186.9 MB.

Unloading 17 unused Assets to reduce memory usage. Loaded Objects now: 5534.
Total: 3.334000 ms (FindLiveObjects: 0.591200 ms CreateObjectMapping: 0.147100 ms MarkObjects: 2.493300 ms  DeleteObjects: 0.101700 ms)

========================================================================
Received Prepare
Registering precompiled user dll's ...
Registered in 0.002732 seconds.
Begin MonoManager ReloadAssembly
Native extension for WindowsStandalone target not found
Native extension for WebGL target not found
Refreshing native plugins compatible for Editor in 0.82 ms, found 2 plugins.
Preloading 0 native plugins for Editor in 0.00 ms.
Mono: successfully reloaded assembly
- Completed reload, in  0.895 seconds
Platform modules already initialized, skipping
Shader 'Universal Render Pipeline/Particles/Lit': fallback shader 'Universal Render Pipeline/Particles/SimpleLit' not found
Refreshing native plugins compatible for Editor in 0.78 ms, found 2 plugins.
Preloading 0 native plugins for Editor in 0.00 ms.
Unloading 4523 Unused Serialized files (Serialized files now loaded: 0)
System memory in use before: 186.6 MB.
System memory in use after: 186.9 MB.

Unloading 17 unused Assets to reduce memory usage. Loaded Objects now: 5538.
Total: 3.047200 ms (FindLiveObjects: 0.458700 ms CreateObjectMapping: 0.119000 ms MarkObjects: 2.370300 ms  DeleteObjects: 0.098400 ms)

========================================================================
Received Prepare
Registering precompiled user dll's ...
Registered in 0.002783 seconds.
Begin MonoManager ReloadAssembly
Native extension for WindowsStandalone target not found
Native extension for WebGL target not found
Refreshing native plugins compatible for Editor in 0.82 ms, found 2 plugins.
Preloading 0 native plugins for Editor in 0.00 ms.
Mono: successfully reloaded assembly
- Completed reload, in  0.880 seconds
Platform modules already initialized, skipping
Shader 'Universal Render Pipeline/Particles/Lit': fallback shader 'Universal Render Pipeline/Particles/SimpleLit' not found
Refreshing native plugins compatible for Editor in 0.81 ms, found 2 plugins.
Preloading 0 native plugins for Editor in 0.00 ms.
Unloading 4523 Unused Serialized files (Serialized files now loaded: 0)
System memory in use before: 186.6 MB.
System memory in use after: 186.9 MB.

Unloading 17 unused Assets to reduce memory usage. Loaded Objects now: 5542.
Total: 3.081600 ms (FindLiveObjects: 0.454200 ms CreateObjectMapping: 0.120300 ms MarkObjects: 2.407500 ms  DeleteObjects: 0.098900 ms)

========================================================================
Received Prepare
Registering precompiled user dll's ...
Registered in 0.002815 seconds.
Begin MonoManager ReloadAssembly
Native extension for WindowsStandalone target not found
Native extension for WebGL target not found
Refreshing native plugins compatible for Editor in 0.75 ms, found 2 plugins.
Preloading 0 native plugins for Editor in 0.00 ms.
Mono: successfully reloaded assembly
- Completed reload, in  0.876 seconds
Platform modules already initialized, skipping
Shader 'Universal Render Pipeline/Particles/Lit': fallback shader 'Universal Render Pipeline/Particles/SimpleLit' not found
Refreshing native plugins compatible for Editor in 0.78 ms, found 2 plugins.
Preloading 0 native plugins for Editor in 0.00 ms.
Unloading 4523 Unused Serialized files (Serialized files now loaded: 0)
System memory in use before: 186.6 MB.
System memory in use after: 186.9 MB.

Unloading 17 unused Assets to reduce memory usage. Loaded Objects now: 5546.
Total: 2.732400 ms (FindLiveObjects: 0.406600 ms CreateObjectMapping: 0.134200 ms MarkObjects: 2.101800 ms  DeleteObjects: 0.089100 ms)

========================================================================
Received Prepare
Registering precompiled user dll's ...
Registered in 0.002730 seconds.
Begin MonoManager ReloadAssembly
Native extension for WindowsStandalone target not found
Native extension for WebGL target not found
Refreshing native plugins compatible for Editor in 0.77 ms, found 2 plugins.
Preloading 0 native plugins for Editor in 0.00 ms.
Mono: successfully reloaded assembly
- Completed reload, in  0.880 seconds
Platform modules already initialized, skipping
Shader 'Universal Render Pipeline/Particles/Lit': fallback shader 'Universal Render Pipeline/Particles/SimpleLit' not found
Refreshing native plugins compatible for Editor in 0.75 ms, found 2 plugins.
Preloading 0 native plugins for Editor in 0.00 ms.
Unloading 4523 Unused Serialized files (Serialized files now loaded: 0)
System memory in use before: 186.6 MB.
System memory in use after: 186.9 MB.

Unloading 17 unused Assets to reduce memory usage. Loaded Objects now: 5550.
Total: 3.268100 ms (FindLiveObjects: 0.462400 ms CreateObjectMapping: 0.143400 ms MarkObjects: 2.558400 ms  DeleteObjects: 0.103000 ms)

========================================================================
Received Prepare
Registering precompiled user dll's ...
Registered in 0.002788 seconds.
Begin MonoManager ReloadAssembly
Native extension for WindowsStandalone target not found
Native extension for WebGL target not found
Refreshing native plugins compatible for Editor in 0.78 ms, found 2 plugins.
Preloading 0 native plugins for Editor in 0.00 ms.
Mono: successfully reloaded assembly
- Completed reload, in  0.876 seconds
Platform modules already initialized, skipping
Shader 'Universal Render Pipeline/Particles/Lit': fallback shader 'Universal Render Pipeline/Particles/SimpleLit' not found
Refreshing native plugins compatible for Editor in 0.83 ms, found 2 plugins.
Preloading 0 native plugins for Editor in 0.00 ms.
Unloading 4523 Unused Serialized files (Serialized files now loaded: 0)
System memory in use before: 186.7 MB.
System memory in use after: 187.0 MB.

Unloading 17 unused Assets to reduce memory usage. Loaded Objects now: 5554.
Total: 2.764500 ms (FindLiveObjects: 0.430900 ms CreateObjectMapping: 0.141500 ms MarkObjects: 2.101700 ms  DeleteObjects: 0.089500 ms)

========================================================================
Received Prepare
Registering precompiled user dll's ...
Registered in 0.002806 seconds.
Begin MonoManager ReloadAssembly
Native extension for WindowsStandalone target not found
Native extension for WebGL target not found
Refreshing native plugins compatible for Editor in 0.76 ms, found 2 plugins.
Preloading 0 native plugins for Editor in 0.00 ms.
Mono: successfully reloaded assembly
- Completed reload, in  0.867 seconds
Platform modules already initialized, skipping
Shader 'Universal Render Pipeline/Particles/Lit': fallback shader 'Universal Render Pipeline/Particles/SimpleLit' not found
Refreshing native plugins compatible for Editor in 0.75 ms, found 2 plugins.
Preloading 0 native plugins for Editor in 0.00 ms.
Unloading 4523 Unused Serialized files (Serialized files now loaded: 0)
System memory in use before: 186.7 MB.
System memory in use after: 187.1 MB.

Unloading 17 unused Assets to reduce memory usage. Loaded Objects now: 5558.
Total: 3.031000 ms (FindLiveObjects: 0.384200 ms CreateObjectMapping: 0.142000 ms MarkObjects: 2.406600 ms  DeleteObjects: 0.097300 ms)

========================================================================
Received Prepare
Registering precompiled user dll's ...
Registered in 0.002975 seconds.
Begin MonoManager ReloadAssembly
Native extension for WindowsStandalone target not found
Native extension for WebGL target not found
Refreshing native plugins compatible for Editor in 0.76 ms, found 2 plugins.
Preloading 0 native plugins for Editor in 0.00 ms.
Mono: successfully reloaded assembly
- Completed reload, in  0.866 seconds
Platform modules already initialized, skipping
Shader 'Universal Render Pipeline/Particles/Lit': fallback shader 'Universal Render Pipeline/Particles/SimpleLit' not found
Refreshing native plugins compatible for Editor in 0.81 ms, found 2 plugins.
Preloading 0 native plugins for Editor in 0.00 ms.
Unloading 4523 Unused Serialized files (Serialized files now loaded: 0)
System memory in use before: 186.7 MB.
System memory in use after: 187.1 MB.

Unloading 17 unused Assets to reduce memory usage. Loaded Objects now: 5562.
Total: 2.710200 ms (FindLiveObjects: 0.394800 ms CreateObjectMapping: 0.122800 ms MarkObjects: 2.099600 ms  DeleteObjects: 0.092100 ms)

========================================================================
Received Prepare
Registering precompiled user dll's ...
Registered in 0.002725 seconds.
Begin MonoManager ReloadAssembly
Native extension for WindowsStandalone target not found
Native extension for WebGL target not found
Refreshing native plugins compatible for Editor in 0.78 ms, found 2 plugins.
Preloading 0 native plugins for Editor in 0.00 ms.
Mono: successfully reloaded assembly
- Completed reload, in  0.877 seconds
Platform modules already initialized, skipping
Shader 'Universal Render Pipeline/Particles/Lit': fallback shader 'Universal Render Pipeline/Particles/SimpleLit' not found
Refreshing native plugins compatible for Editor in 1.12 ms, found 2 plugins.
Preloading 0 native plugins for Editor in 0.00 ms.
Unloading 4523 Unused Serialized files (Serialized files now loaded: 0)
System memory in use before: 186.7 MB.
System memory in use after: 187.1 MB.

Unloading 17 unused Assets to reduce memory usage. Loaded Objects now: 5566.
Total: 2.755600 ms (FindLiveObjects: 0.440300 ms CreateObjectMapping: 0.121800 ms MarkObjects: 2.103000 ms  DeleteObjects: 0.089700 ms)

========================================================================
Received Prepare
Registering precompiled user dll's ...
Registered in 0.002813 seconds.
Begin MonoManager ReloadAssembly
Native extension for WindowsStandalone target not found
Native extension for WebGL target not found
Refreshing native plugins compatible for Editor in 0.77 ms, found 2 plugins.
Preloading 0 native plugins for Editor in 0.00 ms.
Mono: successfully reloaded assembly
- Completed reload, in  0.883 seconds
Platform modules already initialized, skipping
Shader 'Universal Render Pipeline/Particles/Lit': fallback shader 'Universal Render Pipeline/Particles/SimpleLit' not found
Refreshing native plugins compatible for Editor in 0.77 ms, found 2 plugins.
Preloading 0 native plugins for Editor in 0.00 ms.
Unloading 4523 Unused Serialized files (Serialized files now loaded: 0)
System memory in use before: 186.8 MB.
System memory in use after: 187.1 MB.

Unloading 17 unused Assets to reduce memory usage. Loaded Objects now: 5570.
Total: 2.769300 ms (FindLiveObjects: 0.449400 ms CreateObjectMapping: 0.140500 ms MarkObjects: 2.079800 ms  DeleteObjects: 0.098000 ms)

========================================================================
Received Prepare
Registering precompiled user dll's ...
Registered in 0.002797 seconds.
Begin MonoManager ReloadAssembly
Native extension for WindowsStandalone target not found
Native extension for WebGL target not found
Refreshing native plugins compatible for Editor in 0.80 ms, found 2 plugins.
Preloading 0 native plugins for Editor in 0.00 ms.
Mono: successfully reloaded assembly
- Completed reload, in  0.875 seconds
Platform modules already initialized, skipping
Shader 'Universal Render Pipeline/Particles/Lit': fallback shader 'Universal Render Pipeline/Particles/SimpleLit' not found
Refreshing native plugins compatible for Editor in 0.76 ms, found 2 plugins.
Preloading 0 native plugins for Editor in 0.00 ms.
Unloading 4523 Unused Serialized files (Serialized files now loaded: 0)
System memory in use before: 186.8 MB.
System memory in use after: 187.1 MB.

Unloading 17 unused Assets to reduce memory usage. Loaded Objects now: 5574.
Total: 3.018500 ms (FindLiveObjects: 0.389400 ms CreateObjectMapping: 0.120300 ms MarkObjects: 2.415400 ms  DeleteObjects: 0.092200 ms)

========================================================================
Received Prepare
Registering precompiled user dll's ...
Registered in 0.002759 seconds.
Begin MonoManager ReloadAssembly
Native extension for WindowsStandalone target not found
Native extension for WebGL target not found
Refreshing native plugins compatible for Editor in 0.78 ms, found 2 plugins.
Preloading 0 native plugins for Editor in 0.00 ms.
Mono: successfully reloaded assembly
- Completed reload, in  0.893 seconds
Platform modules already initialized, skipping
Shader 'Universal Render Pipeline/Particles/Lit': fallback shader 'Universal Render Pipeline/Particles/SimpleLit' not found
Refreshing native plugins compatible for Editor in 0.76 ms, found 2 plugins.
Preloading 0 native plugins for Editor in 0.00 ms.
Unloading 4523 Unused Serialized files (Serialized files now loaded: 0)
System memory in use before: 186.8 MB.
System memory in use after: 187.1 MB.

Unloading 17 unused Assets to reduce memory usage. Loaded Objects now: 5578.
Total: 3.076000 ms (FindLiveObjects: 0.424100 ms CreateObjectMapping: 0.123600 ms MarkObjects: 2.432500 ms  DeleteObjects: 0.094800 ms)

========================================================================
Received Prepare
Registering precompiled user dll's ...
Registered in 0.002762 seconds.
Begin MonoManager ReloadAssembly
Native extension for WindowsStandalone target not found
Native extension for WebGL target not found
Refreshing native plugins compatible for Editor in 0.85 ms, found 2 plugins.
Preloading 0 native plugins for Editor in 0.00 ms.
Mono: successfully reloaded assembly
- Completed reload, in  0.891 seconds
Platform modules already initialized, skipping
Shader 'Universal Render Pipeline/Particles/Lit': fallback shader 'Universal Render Pipeline/Particles/SimpleLit' not found
Refreshing native plugins compatible for Editor in 0.84 ms, found 2 plugins.
Preloading 0 native plugins for Editor in 0.00 ms.
Unloading 4523 Unused Serialized files (Serialized files now loaded: 0)
System memory in use before: 186.8 MB.
System memory in use after: 187.2 MB.

Unloading 17 unused Assets to reduce memory usage. Loaded Objects now: 5582.
Total: 3.397000 ms (FindLiveObjects: 0.649100 ms CreateObjectMapping: 0.262900 ms MarkObjects: 2.383600 ms  DeleteObjects: 0.100700 ms)

========================================================================
Received Prepare
Registering precompiled user dll's ...
Registered in 0.002797 seconds.
Begin MonoManager ReloadAssembly
Native extension for WindowsStandalone target not found
Native extension for WebGL target not found
Refreshing native plugins compatible for Editor in 0.79 ms, found 2 plugins.
Preloading 0 native plugins for Editor in 0.00 ms.
Mono: successfully reloaded assembly
- Completed reload, in  0.890 seconds
Platform modules already initialized, skipping
Shader 'Universal Render Pipeline/Particles/Lit': fallback shader 'Universal Render Pipeline/Particles/SimpleLit' not found
Refreshing native plugins compatible for Editor in 0.76 ms, found 2 plugins.
Preloading 0 native plugins for Editor in 0.00 ms.
Unloading 4523 Unused Serialized files (Serialized files now loaded: 0)
System memory in use before: 186.8 MB.
System memory in use after: 187.2 MB.

Unloading 17 unused Assets to reduce memory usage. Loaded Objects now: 5586.
Total: 3.434100 ms (FindLiveObjects: 0.688700 ms CreateObjectMapping: 0.158000 ms MarkObjects: 2.483600 ms  DeleteObjects: 0.103000 ms)

========================================================================
Received Prepare
Registering precompiled user dll's ...
Registered in 0.002686 seconds.
Begin MonoManager ReloadAssembly
Native extension for WindowsStandalone target not found
Native extension for WebGL target not found
Refreshing native plugins compatible for Editor in 0.74 ms, found 2 plugins.
Preloading 0 native plugins for Editor in 0.00 ms.
Mono: successfully reloaded assembly
- Completed reload, in  0.861 seconds
Platform modules already initialized, skipping
Shader 'Universal Render Pipeline/Particles/Lit': fallback shader 'Universal Render Pipeline/Particles/SimpleLit' not found
Refreshing native plugins compatible for Editor in 0.76 ms, found 2 plugins.
Preloading 0 native plugins for Editor in 0.00 ms.
Unloading 4523 Unused Serialized files (Serialized files now loaded: 0)
System memory in use before: 186.8 MB.
System memory in use after: 187.2 MB.

Unloading 17 unused Assets to reduce memory usage. Loaded Objects now: 5590.
Total: 3.195400 ms (FindLiveObjects: 0.441900 ms CreateObjectMapping: 0.146800 ms MarkObjects: 2.506900 ms  DeleteObjects: 0.099000 ms)

========================================================================
Received Prepare
Shader 'Universal Render Pipeline/Particles/Lit': fallback shader 'Universal Render Pipeline/Particles/SimpleLit' not found
Refreshing native plugins compatible for Editor in 2.92 ms, found 2 plugins.
Preloading 0 native plugins for Editor in 0.00 ms.
Unloading 15 Unused Serialized files (Serialized files now loaded: 0)
System memory in use before: 97.6 MB.
System memory in use after: 97.9 MB.

Unloading 15 unused Assets to reduce memory usage. Loaded Objects now: 5590.
Total: 3.085900 ms (FindLiveObjects: 0.432000 ms CreateObjectMapping: 0.123200 ms MarkObjects: 2.434100 ms  DeleteObjects: 0.095800 ms)

